Log file open, 10/15/18 21:01:33
LogWindows: Failed to load 'aqProf.dll' (GetLastError=126)
LogWindows: File 'aqProf.dll' does not exist
LogWindows: Failed to load 'VSPerf140.dll' (GetLastError=126)
LogWindows: File 'VSPerf140.dll' does not exist
LogWindows: Failed to load 'VtuneApi.dll' (GetLastError=126)
LogWindows: File 'VtuneApi.dll' does not exist
LogWindows: Failed to load 'VtuneApi32e.dll' (GetLastError=126)
LogWindows: File 'VtuneApi32e.dll' does not exist
LogInit: Display: Running engine for game: APOCA2_Evan_Parry
LogPlatformFile: Not using cached read wrapper
LogTaskGraph: Started task graph with 5 named threads and 11 total threads with 3 sets of task threads.
LogStats: Stats thread started at 0.223184
LogD3D11RHI: Loaded GFSDK_Aftermath_Lib.x64.dll
LogICUInternationalization: Display: ICU TimeZone Detection - Raw Offset: -7:00, Platform Override: ''
LogPluginManager: Mounting plugin Paper2D
LogPluginManager: Mounting plugin AISupport
LogPluginManager: Mounting plugin LightPropagationVolume
LogPluginManager: Mounting plugin CLionSourceCodeAccess
LogPluginManager: Mounting plugin CodeLiteSourceCodeAccess
LogPluginManager: Mounting plugin GitSourceControl
LogPluginManager: Mounting plugin KDevelopSourceCodeAccess
LogPluginManager: Mounting plugin NullSourceCodeAccess
LogPluginManager: Mounting plugin PerforceSourceControl
LogPluginManager: Mounting plugin SubversionSourceControl
LogPluginManager: Mounting plugin UObjectPlugin
LogPluginManager: Mounting plugin VisualStudioCodeSourceCodeAccess
LogPluginManager: Mounting plugin VisualStudioSourceCodeAccess
LogPluginManager: Mounting plugin XCodeSourceCodeAccess
LogPluginManager: Mounting plugin AssetManagerEditor
LogPluginManager: Mounting plugin CryptoKeys
LogPluginManager: Mounting plugin DataValidation
LogPluginManager: Mounting plugin FacialAnimation
LogPluginManager: Mounting plugin GameplayTagsEditor
LogPluginManager: Mounting plugin MacGraphicsSwitching
LogPluginManager: Mounting plugin MeshEditor
LogPluginManager: Mounting plugin MobileLauncherProfileWizard
LogPluginManager: Mounting plugin PluginBrowser
LogPluginManager: Mounting plugin SpeedTreeImporter
LogPluginManager: Mounting plugin DatasmithContent
LogPluginManager: Mounting plugin AlembicImporter
LogPluginManager: Mounting plugin AppleImageUtils
LogPluginManager: Mounting plugin AppleVision
LogPluginManager: Mounting plugin BackChannel
LogPluginManager: Mounting plugin CharacterAI
LogPluginManager: Mounting plugin GeometryCache
LogPluginManager: Mounting plugin HTML5Networking
LogPluginManager: Mounting plugin ProxyLODPlugin
LogPluginManager: Mounting plugin MagicLeap
LogPluginManager: Mounting plugin MagicLeapEmulator
LogPluginManager: Mounting plugin MagicLeapMedia
LogPluginManager: Mounting plugin AndroidMedia
LogPluginManager: Mounting plugin AvfMedia
LogPluginManager: Mounting plugin ImgMedia
LogPluginManager: Mounting plugin LinearTimecode
LogPluginManager: Mounting plugin MediaCompositing
LogPluginManager: Mounting plugin MediaPlayerEditor
LogPluginManager: Mounting plugin WmfMedia
LogPluginManager: Mounting plugin TcpMessaging
LogPluginManager: Mounting plugin UdpMessaging
LogPluginManager: Mounting plugin ActorSequence
LogPluginManager: Mounting plugin LevelSequenceEditor
LogPluginManager: Mounting plugin MatineeToLevelSequence
LogPluginManager: Mounting plugin NetcodeUnitTest
LogPluginManager: Mounting plugin NUTUnrealEngine4
LogPluginManager: Mounting plugin OnlineSubsystemGooglePlay
LogPluginManager: Mounting plugin OnlineSubsystemIOS
LogPluginManager: Mounting plugin OnlineSubsystem
LogPluginManager: Mounting plugin OnlineSubsystemNull
LogPluginManager: Mounting plugin OnlineSubsystemUtils
LogPluginManager: Mounting plugin LauncherChunkInstaller
LogPluginManager: Mounting plugin AndroidDeviceProfileSelector
LogPluginManager: Mounting plugin AndroidMoviePlayer
LogPluginManager: Mounting plugin AndroidPermission
LogPluginManager: Mounting plugin AppleMoviePlayer
LogPluginManager: Mounting plugin ArchVisCharacter
LogPluginManager: Mounting plugin AudioCapture
LogPluginManager: Mounting plugin CableComponent
LogPluginManager: Mounting plugin CustomMeshComponent
LogPluginManager: Mounting plugin EditableMesh
LogPluginManager: Mounting plugin ExampleDeviceProfileSelector
LogPluginManager: Mounting plugin GoogleCloudMessaging
LogPluginManager: Mounting plugin ImmediatePhysics
LogPluginManager: Mounting plugin IOSDeviceProfileSelector
LogPluginManager: Mounting plugin LinuxDeviceProfileSelector
LogPluginManager: Mounting plugin LocationServicesBPLibrary
LogPluginManager: Mounting plugin MobilePatchingUtils
LogPluginManager: Mounting plugin OculusVR
LogPluginManager: Plugin shader directory ../../../Engine/Plugins/Runtime/Oculus/OculusVR/Shaders found
LogPluginManager: Mapping shader source directory ../../../Engine/Plugins/Runtime/Oculus/OculusVR/Shaders to virtual directory /Plugin/OculusVR
LogPluginManager: Mounting plugin PhysXVehicles
LogPluginManager: Mounting plugin ProceduralMeshComponent
LogPluginManager: Mounting plugin RuntimePhysXCooking
LogPluginManager: Mounting plugin SteamVR
LogPluginManager: Mounting plugin WindowsMoviePlayer
LogStreaming: Display: Took  0.131s to configure plugins.
LogInit: Using libcurl 7.55.1-DEV
LogInit:  - built for x86_64-pc-win32
LogInit:  - supports SSL with OpenSSL/1.0.2h
LogInit:  - supports HTTP deflate (compression) using libz 1.2.8
LogInit:  - other features:
LogInit:      CURL_VERSION_SSL
LogInit:      CURL_VERSION_LIBZ
LogInit:      CURL_VERSION_IPV6
LogInit:      CURL_VERSION_ASYNCHDNS
LogInit:      CURL_VERSION_LARGEFILE
LogInit:      CURL_VERSION_IDN
LogInit:  CurlRequestOptions (configurable via config and command line):
LogInit:  - bVerifyPeer = false  - Libcurl will NOT verify peer certificate
LogInit:  - bUseHttpProxy = false  - Libcurl will NOT use HTTP proxy
LogInit:  - bDontReuseConnections = false  - Libcurl will reuse connections
LogInit:  - CertBundlePath = nullptr  - Libcurl will use whatever was configured at build time.
LogInit:  - MaxHostConnections = 16  - Libcurl will limit the number of connections to a host
LogInit:  - LocalHostAddr = Default
LogInit:  - BufferSize = 65536
LogInit: WinSock: version 1.1 (2.2), MaxSocks=32767, MaxUdp=65467
LogInit: Build: ++UE4+Release-4.20-CL-4302132
LogInit: Engine Version: 4.20.2-4302132+++UE4+Release-4.20
LogInit: Compatible Engine Version: 4.20.0-4212847+++UE4+Release-4.20
LogInit: Net CL: 4212847
LogInit: OS: Windows 10 (), CPU: Intel(R) Core(TM) i3-6100 CPU @ 3.70GHz, GPU: NVIDIA GeForce GTX 1050 Ti
LogInit: Compiled (64-bit): Aug 21 2018 02:06:06
LogInit: Compiled with Visual C++: 19.13.26129.00
LogInit: Build Configuration: Development
LogInit: Branch Name: ++UE4+Release-4.20
LogInit: Command Line:  
LogInit: Base Directory: C:/Program Files/Epic Games/UE_4.20/Engine/Binaries/Win64/
LogInit: Installed Engine Build: 1
LogDevObjectVersion: Number of dev versions registered: 20
LogDevObjectVersion:   Dev-Blueprints (B0D832E4-1F89-4F0D-ACCF-7EB736FD4AA2): 10
LogDevObjectVersion:   Dev-Build (E1C64328-A22C-4D53-A36C-8E866417BD8C): 0
LogDevObjectVersion:   Dev-Core (375EC13C-06E4-48FB-B500-84F0262A717E): 2
LogDevObjectVersion:   Dev-Editor (E4B068ED-F494-42E9-A231-DA0B2E46BB41): 24
LogDevObjectVersion:   Dev-Framework (CFFC743F-43B0-4480-9391-14DF171D2073): 34
LogDevObjectVersion:   Dev-Mobile (B02B49B5-BB20-44E9-A304-32B752E40360): 2
LogDevObjectVersion:   Dev-Networking (A4E4105C-59A1-49B5-A7C5-40C4547EDFEE): 0
LogDevObjectVersion:   Dev-Online (39C831C9-5AE6-47DC-9A44-9C173E1C8E7C): 0
LogDevObjectVersion:   Dev-Physics (78F01B33-EBEA-4F98-B9B4-84EACCB95AA2): 0
LogDevObjectVersion:   Dev-Platform (6631380F-2D4D-43E0-8009-CF276956A95A): 0
LogDevObjectVersion:   Dev-Rendering (12F88B9F-8875-4AFC-A67C-D90C383ABD29): 26
LogDevObjectVersion:   Dev-Sequencer (7B5AE74C-D270-4C10-A958-57980B212A5A): 9
LogDevObjectVersion:   Dev-VR (D7296918-1DD6-4BDD-9DE2-64A83CC13884): 2
LogDevObjectVersion:   Dev-LoadTimes (C2A15278-BFE7-4AFE-6C17-90FF531DF755): 1
LogDevObjectVersion:   Private-Geometry (6EACA3D4-40EC-4CC1-B786-8BED09428FC5): 3
LogDevObjectVersion:   Dev-AnimPhys (29E575DD-E0A3-4627-9D10-D276232CDCEA): 17
LogDevObjectVersion:   Dev-ReflectionCapture (6B266CEC-1EC7-4B8F-A30B-E4D90942FC07): 1
LogDevObjectVersion:   Dev-Automation (0DF73D61-A23F-47EA-B727-89E90C41499A): 1
LogDevObjectVersion:   FortniteMain (601D1886-AC64-4F84-AA16-D3DE0DEAC7D6): 12
LogDevObjectVersion:   Dev-Enterprise (9DFFBCD6-494F-0158-E221-12823C92A888): 1
LogStreaming: Display: Took  0.000s to delete old logs.
LogInit: Presizing for max 8388607 objects, including 0 objects not considered by GC, pre-allocating 0 bytes for permanent pool.
LogInit: Object subsystem initialized
[2018.10.16-03.01.34:146][  0]LogInit: Selected Device Profile: [Windows]
[2018.10.16-03.01.34:146][  0]LogInit: Applying CVar settings loaded from the selected device profile: [Windows]
[2018.10.16-03.01.34:210][  0]LogHAL: Display: Platform has ~ 8 GB [8543297536 / 8589934592 / 8], which maps to Default [LargestMinGB=32, LargerMinGB=12, DefaultMinGB=8, SmallerMinGB=6, SmallestMinGB=0)
[2018.10.16-03.01.34:210][  0]LogInit: Setting Device Profile CVar: [[r.Vulkan.UseRealUBs:1]]
[2018.10.16-03.01.34:210][  0]LogInit: Going up to parent DeviceProfile []
[2018.10.16-03.01.34:211][  0]LogInit: Computer: DESKTOP-MRGEKD1
[2018.10.16-03.01.34:211][  0]LogInit: User: Evan
[2018.10.16-03.01.34:211][  0]LogInit: CPU Page size=4096, Cores=2
[2018.10.16-03.01.34:211][  0]LogInit: High frequency timer resolution =3.609383 MHz
[2018.10.16-03.01.34:211][  0]LogMemory: Memory total: Physical=8.0GB (8GB approx)
[2018.10.16-03.01.34:211][  0]LogMemory: Platform Memory Stats for Windows
[2018.10.16-03.01.34:211][  0]LogMemory: Process Physical Memory: 99.17 MB used, 99.17 MB peak
[2018.10.16-03.01.34:211][  0]LogMemory: Process Virtual Memory: 82.82 MB used, 82.82 MB peak
[2018.10.16-03.01.34:211][  0]LogMemory: Physical Memory: 4795.96 MB used,  3351.56 MB free, 8147.52 MB total
[2018.10.16-03.01.34:211][  0]LogMemory: Virtual Memory: 4614.71 MB used,  3351.56 MB free, 134217728.00 MB total
[2018.10.16-03.01.34:231][  0]LogInit: Using OS detected language (en-US).
[2018.10.16-03.01.34:231][  0]LogInit: Using OS detected locale (en-US).
[2018.10.16-03.01.34:232][  0]LogTextLocalizationManager: No specific localization for 'en-US' exists, so the 'en' localization will be used.
[2018.10.16-03.01.34:622][  0]LogStreaming: Display: Took  0.391s to InitEngineTextLocalization.
[2018.10.16-03.01.34:622][  0]LogInit: Setting process to per monitor DPI aware
[2018.10.16-03.01.34:646][  0]LogSlate: New Slate User Created.  User Index 0, Is Virtual User: 0
[2018.10.16-03.01.34:647][  0]LogSlate: Slate User Registered.  User Index 0, Is Virtual User: 0
[2018.10.16-03.01.34:887][  0]LogHMD: Failed to initialize OpenVR with code 110
[2018.10.16-03.01.34:887][  0]LogD3D11RHI: D3D11 adapters:
[2018.10.16-03.01.34:947][  0]LogD3D11RHI:    0. 'NVIDIA GeForce GTX 1050 Ti' (Feature Level 11_0)
[2018.10.16-03.01.34:947][  0]LogD3D11RHI:       4018/0/4073 MB DedicatedVideo/DedicatedSystem/SharedSystem, Outputs:1, VendorId:0x10de
[2018.10.16-03.01.34:950][  0]LogD3D11RHI:    1. 'Microsoft Basic Render Driver' (Feature Level 11_0)
[2018.10.16-03.01.34:950][  0]LogD3D11RHI:       0/0/4073 MB DedicatedVideo/DedicatedSystem/SharedSystem, Outputs:0, VendorId:0x1414
[2018.10.16-03.01.34:950][  0]LogD3D11RHI: Chosen D3D11 Adapter: 0
[2018.10.16-03.01.34:959][  0]LogD3D11RHI: Creating new Direct3DDevice
[2018.10.16-03.01.34:959][  0]LogD3D11RHI:     GPU DeviceId: 0x1c82 (for the marketing name, search the web for "GPU Device Id")
[2018.10.16-03.01.34:959][  0]LogWindows: EnumDisplayDevices:
[2018.10.16-03.01.34:959][  0]LogWindows:    0. 'NVIDIA GeForce GTX 1050 Ti' (P:1 D:1)
[2018.10.16-03.01.34:959][  0]LogWindows:    1. 'NVIDIA GeForce GTX 1050 Ti' (P:0 D:0)
[2018.10.16-03.01.34:960][  0]LogWindows:    2. 'NVIDIA GeForce GTX 1050 Ti' (P:0 D:0)
[2018.10.16-03.01.34:960][  0]LogWindows:    3. 'NVIDIA GeForce GTX 1050 Ti' (P:0 D:0)
[2018.10.16-03.01.34:960][  0]LogWindows: DebugString: FoundDriverCount:4 
[2018.10.16-03.01.34:960][  0]LogD3D11RHI:     Adapter Name: NVIDIA GeForce GTX 1050 Ti
[2018.10.16-03.01.34:960][  0]LogD3D11RHI:   Driver Version: 390.77 (internal:23.21.13.9077, unified:390.77)
[2018.10.16-03.01.34:960][  0]LogD3D11RHI:      Driver Date: 1-23-2018
[2018.10.16-03.01.34:960][  0]LogRHI: Texture pool is 2812 MB (70% of 4018 MB)
[2018.10.16-03.01.35:004][  0]LogD3D11RHI: Async texture creation enabled
[2018.10.16-03.01.35:022][  0]LogD3D11RHI: GPU Timing Frequency: 1000.000000 (Debug: 2 2)
[2018.10.16-03.01.35:023][  0]LogShaderCompilers: Guid format shader working directory is -31 characters bigger than the processId version (../../../../../../Users/Evan/Documents/Fall 2018/EAE 3010/APOCA2_Evan_Parry/Intermediate/Shaders/WorkingDirectory/14084/).
[2018.10.16-03.01.35:023][  0]LogShaderCompilers: Cleaned the shader compiler working directory 'C:/Users/Evan/AppData/Local/Temp/UnrealShaderWorkingDir/55E6A4D0407F49CD705E4E86A9460E7D/'.
[2018.10.16-03.01.35:374][  0]LogTemp: Display: Loaded TP AllDesktopTargetPlatform
[2018.10.16-03.01.35:389][  0]LogTemp: Display: Loaded TP MacClientTargetPlatform
[2018.10.16-03.01.35:402][  0]LogTemp: Display: Loaded TP MacNoEditorTargetPlatform
[2018.10.16-03.01.35:417][  0]LogTemp: Display: Loaded TP MacServerTargetPlatform
[2018.10.16-03.01.35:434][  0]LogTemp: Display: Loaded TP MacTargetPlatform
[2018.10.16-03.01.35:446][  0]LogTemp: Display: Loaded TP WindowsClientTargetPlatform
[2018.10.16-03.01.35:461][  0]LogTemp: Display: Loaded TP WindowsNoEditorTargetPlatform
[2018.10.16-03.01.35:478][  0]LogTemp: Display: Loaded TP WindowsServerTargetPlatform
[2018.10.16-03.01.35:486][  0]LogTemp: Display: Loaded TP WindowsTargetPlatform
[2018.10.16-03.01.35:573][  0]LogTemp: Display: Loaded TP AndroidTargetPlatform
[2018.10.16-03.01.35:573][  0]LogTemp: Display: Loaded TP AndroidTargetPlatform
[2018.10.16-03.01.35:573][  0]LogTemp: Display: Loaded TP AndroidTargetPlatform
[2018.10.16-03.01.35:573][  0]LogTemp: Display: Loaded TP AndroidTargetPlatform
[2018.10.16-03.01.35:573][  0]LogTemp: Display: Loaded TP AndroidTargetPlatform
[2018.10.16-03.01.35:573][  0]LogTemp: Display: Loaded TP AndroidTargetPlatform
[2018.10.16-03.01.35:573][  0]LogTemp: Display: Loaded TP AndroidTargetPlatform
[2018.10.16-03.01.35:573][  0]LogTemp: Display: Loaded TP AndroidTargetPlatform
[2018.10.16-03.01.35:573][  0]LogTemp: Display: Loaded TP AndroidTargetPlatform
[2018.10.16-03.01.35:573][  0]LogTemp: Display: Loaded TP AndroidTargetPlatform
[2018.10.16-03.01.35:573][  0]LogTemp: Display: Loaded TP AndroidTargetPlatform
[2018.10.16-03.01.35:573][  0]LogTemp: Display: Loaded TP AndroidTargetPlatform
[2018.10.16-03.01.35:573][  0]LogTemp: Display: Loaded TP AndroidTargetPlatform
[2018.10.16-03.01.35:573][  0]LogTemp: Display: Loaded TP AndroidTargetPlatform
[2018.10.16-03.01.35:573][  0]LogTemp: Display: Loaded TP AndroidTargetPlatform
[2018.10.16-03.01.35:573][  0]LogTemp: Display: Loaded TP AndroidTargetPlatform
[2018.10.16-03.01.35:573][  0]LogTemp: Display: Loaded TP AndroidTargetPlatform
[2018.10.16-03.01.35:573][  0]LogTemp: Display: Loaded TP AndroidTargetPlatform
[2018.10.16-03.01.35:575][  0]LogTemp: Display: Loaded TP HTML5TargetPlatform
[2018.10.16-03.01.35:636][  0]LogTemp: Display: Loaded TP IOSTargetPlatform
[2018.10.16-03.01.35:636][  0]LogTemp: Display: Loaded TP IOSTargetPlatform
[2018.10.16-03.01.35:664][  0]LogTemp: Display: Loaded TP TVOSTargetPlatform
[2018.10.16-03.01.35:664][  0]LogTemp: Display: Loaded TP TVOSTargetPlatform
[2018.10.16-03.01.35:676][  0]LogTemp: Display: Loaded TP LinuxClientTargetPlatform
[2018.10.16-03.01.35:689][  0]LogTemp: Display: Loaded TP LinuxNoEditorTargetPlatform
[2018.10.16-03.01.35:702][  0]LogTemp: Display: Loaded TP LinuxServerTargetPlatform
[2018.10.16-03.01.35:718][  0]LogTemp: Display: Loaded TP LinuxTargetPlatform
[2018.10.16-03.01.35:726][  0]LogTemp: Display: Loaded TP LuminTargetPlatform
[2018.10.16-03.01.35:726][  0]LogTargetPlatformManager: Display: Building Assets For Windows
[2018.10.16-03.01.35:794][  0]LogXGEController: Cannot use XGE Controller as Incredibuild is not installed on this machine.
[2018.10.16-03.01.35:794][  0]LogShaderCompilers: Cannot use XGE Shader Compiler as Incredibuild is not installed on this machine.
[2018.10.16-03.01.35:794][  0]LogShaderCompilers: Display: Using Local Shader Compiler.
[2018.10.16-03.01.36:711][  0]LogDerivedDataCache: Display: Max Cache Size: 512 MB
[2018.10.16-03.01.37:539][  0]LogDerivedDataCache: Loaded boot cache 0.83s 87MB C:/Users/Evan/AppData/Local/UnrealEngine/4.20/DerivedDataCache/Boot.ddc.
[2018.10.16-03.01.37:539][  0]LogDerivedDataCache: Display: Loaded Boot cache: C:/Users/Evan/AppData/Local/UnrealEngine/4.20/DerivedDataCache/Boot.ddc
[2018.10.16-03.01.37:540][  0]LogDerivedDataCache: FDerivedDataBackendGraph:  Pak pak cache file ../../../../../../Users/Evan/Documents/Fall 2018/EAE 3010/APOCA2_Evan_Parry/DerivedDataCache/DDC.ddp not found, will not use a pak cache.
[2018.10.16-03.01.37:540][  0]LogDerivedDataCache: Unable to find inner node Pak for hierarchical cache Hierarchy.
[2018.10.16-03.01.37:540][  0]LogDerivedDataCache: FDerivedDataBackendGraph:  CompressedPak pak cache file ../../../../../../Users/Evan/Documents/Fall 2018/EAE 3010/APOCA2_Evan_Parry/DerivedDataCache/Compressed.ddp not found, will not use a pak cache.
[2018.10.16-03.01.37:540][  0]LogDerivedDataCache: Unable to find inner node CompressedPak for hierarchical cache Hierarchy.
[2018.10.16-03.01.37:555][  0]LogDerivedDataCache: Display: Pak cache opened for reading ../../../Engine/DerivedDataCache/Compressed.ddp.
[2018.10.16-03.01.37:567][  0]LogDerivedDataCache: Using Local data cache path C:/Users/Evan/AppData/Local/UnrealEngine/Common/DerivedDataCache: Writable
[2018.10.16-03.01.37:567][  0]LogDerivedDataCache: Shared data cache path not found in *engine.ini, will not use an Shared cache.
[2018.10.16-03.01.37:567][  0]LogDerivedDataCache: Unable to find inner node Shared for hierarchical cache Hierarchy.
[2018.10.16-03.01.37:586][  0]LogMaterial: Verifying Global Shaders for PCD3D_SM5
[2018.10.16-03.01.37:588][  0]LogSlate: Using FreeType 2.6.0
[2018.10.16-03.01.37:623][  0]LogSlate: SlateFontServices - WITH_FREETYPE: 1, WITH_HARFBUZZ: 1
[2018.10.16-03.01.40:748][  0]LogAssetRegistry: FAssetRegistry took 0.0303 seconds to start up
[2018.10.16-03.01.41:212][  0]LogInit: Selected Device Profile: [Windows]
[2018.10.16-03.01.41:458][  0]LogSimplygon: Simplygon DLL not present - disabling.
[2018.10.16-03.01.41:465][  0]LogMeshReduction: Using SimplygonSwarm for distributed automatic mesh merging
[2018.10.16-03.01.41:465][  0]LogMeshReduction: Using ProxyLODMeshReduction for automatic mesh merging
[2018.10.16-03.01.41:465][  0]LogMeshReduction: Using QuadricMeshReduction for automatic static mesh reduction
[2018.10.16-03.01.41:465][  0]LogMeshReduction: No automatic skeletal mesh reduction module available
[2018.10.16-03.01.41:485][  0]LogNetVersion: APOCA2_Evan_Parry 1.0.0, NetCL: 4212847, EngineNetVer: 5, GameNetVer: 0 (Checksum: 151202482)
[2018.10.16-03.01.42:217][  0]LogPackageLocalizationCache: Processed 11 localized package path(s) for 2 prioritized culture(s) in 0.182357 seconds
[2018.10.16-03.01.42:227][  0]LogUObjectArray: 38425 objects as part of root set at end of initial load.
[2018.10.16-03.01.42:227][  0]LogUObjectAllocator: 6690864 out of 0 bytes used by permanent object pool.
[2018.10.16-03.01.42:227][  0]LogUObjectArray: CloseDisregardForGC: 0/0 objects in disregard for GC pool
[2018.10.16-03.02.02:417][  0]LogTcpMessaging: Initializing TcpMessaging bridge
[2018.10.16-03.02.02:432][  0]LogUdpMessaging: Initializing bridge on interface 0.0.0.0:0 to multicast group 230.0.0.1:6666.
[2018.10.16-03.02.02:949][  0]SourceControl: Source control is disabled
[2018.10.16-03.02.02:949][  0]SourceControl: Source control is disabled
[2018.10.16-03.02.02:950][  0]SourceControl: Source control is disabled
[2018.10.16-03.02.02:952][  0]SourceControl: Source control is disabled
[2018.10.16-03.02.03:301][  0]LogAndroidPermission: UAndroidPermissionCallbackProxy::GetInstance
[2018.10.16-03.02.03:412][  0]LogOcInput: OculusInput pre-init called
[2018.10.16-03.02.03:521][  0]LogEngine: Initializing Engine...
[2018.10.16-03.02.03:521][  0]LogHMD: Failed to initialize OpenVR with code 110
[2018.10.16-03.02.03:523][  0]LogStats: UGameplayTagsManager::ConstructGameplayTagTree: ImportINI prefixes -  0.000 s
[2018.10.16-03.02.03:523][  0]LogStats: UGameplayTagsManager::ConstructGameplayTagTree: Construct from data asset -  0.000 s
[2018.10.16-03.02.03:523][  0]LogStats: UGameplayTagsManager::ConstructGameplayTagTree: ImportINI -  0.000 s
[2018.10.16-03.02.03:523][  0]LogStats: UGameplayTagsManager::ConstructGameplayTagTree: GameplayTagTreeChangedEvent.Broadcast -  0.000 s
[2018.10.16-03.02.03:793][  0]LogInit: Initializing FReadOnlyCVARCache
[2018.10.16-03.02.03:819][  0]LogAIModule: Creating AISystem for world Untitled
[2018.10.16-03.02.03:865][  0]LogInit: XAudio2 using 'Speakers (High Definition Audio Device)' : 2 channels at 48 kHz using 16 bits per sample (channel mask 0x3)
[2018.10.16-03.02.03:903][  0]LogInit: FAudioDevice initialized.
[2018.10.16-03.02.03:903][  0]LogNetVersion: Set ProjectVersion to 1.0.0.0. Version Checksum will be recalculated on next use.
[2018.10.16-03.02.04:120][  0]LogDerivedDataCache: Saved boot cache 0.22s 87MB C:/Users/Evan/AppData/Local/UnrealEngine/4.20/DerivedDataCache/Boot.ddc.
[2018.10.16-03.02.04:129][  0]LogInit: Texture streaming: Enabled
[2018.10.16-03.02.04:156][  0]LogEngineSessionManager: EngineSessionManager initialized
[2018.10.16-03.02.04:174][  0]LogInit: Transaction tracking system initialized
[2018.10.16-03.02.04:208][  0]BlueprintLog: New page: Editor Load
[2018.10.16-03.02.04:346][  0]LocalizationService: Localization service is disabled
[2018.10.16-03.02.04:773][  0]LogCook: Display: Max memory allowance for cook 16384mb min free memory 0mb
[2018.10.16-03.02.04:773][  0]LogCook: Display: Mobile HDR setting 1
[2018.10.16-03.02.04:773][  0]LogGameplayTags: Display: UGameplayTagsManager::DoneAddingNativeTags. DelegateIsBound: 0
[2018.10.16-03.02.04:773][  0]LogStats: UGameplayTagsManager::ConstructGameplayTagTree: ImportINI prefixes -  0.000 s
[2018.10.16-03.02.04:773][  0]LogStats: UGameplayTagsManager::ConstructGameplayTagTree: Construct from data asset -  0.000 s
[2018.10.16-03.02.04:773][  0]LogStats: UGameplayTagsManager::ConstructGameplayTagTree: ImportINI -  0.000 s
[2018.10.16-03.02.04:773][  0]LogStats: UGameplayTagsManager::ConstructGameplayTagTree: GameplayTagTreeChangedEvent.Broadcast -  0.000 s
[2018.10.16-03.02.05:322][  0]LogFileCache: Scanning file cache for directory 'C:/Users/Evan/Documents/Fall 2018/EAE 3010/APOCA2_Evan_Parry/Content/' took 0.02s
[2018.10.16-03.02.05:322][  0]SourceControl: Source control is disabled
[2018.10.16-03.02.05:322][  0]Cmd: MAP LOAD FILE="../../../Engine/Content/Maps/Templates/Template_Default.umap" TEMPLATE=1 SHOWPROGRESS=1 FEATURELEVEL=3
[2018.10.16-03.02.05:323][  0]LightingResults: New page: Lighting Build
[2018.10.16-03.02.05:327][  0]MapCheck: New page: Map Check
[2018.10.16-03.02.05:327][  0]LightingResults: New page: Lighting Build
[2018.10.16-03.02.05:597][  0]LogAIModule: Creating AISystem for world Untitled_1
[2018.10.16-03.02.05:605][  0]LogEditorServer: Finished looking for orphan Actors (0.000 secs)
[2018.10.16-03.02.05:635][  0]Cmd: MAP CHECKDEP NOCLEARLOG
[2018.10.16-03.02.05:715][  0]MapCheck: Map check complete: 0 Error(s), 0 Warning(s), took 79.389ms to complete.
[2018.10.16-03.02.05:715][  0]LogFileHelpers: Loading map 'Template_Default' took 0.392
[2018.10.16-03.02.05:877][  0]LogSlate: Updating window title bar state: overlay mode, drag disabled, window buttons hidden, title bar hidden
[2018.10.16-03.02.05:888][  0]LogSlate: Updating window title bar state: overlay mode, drag disabled, window buttons hidden, title bar hidden
[2018.10.16-03.02.05:897][  0]LogSlate: Updating window title bar state: overlay mode, drag disabled, window buttons hidden, title bar hidden
[2018.10.16-03.02.05:907][  0]LogSlate: Updating window title bar state: overlay mode, drag disabled, window buttons hidden, title bar hidden
[2018.10.16-03.02.05:917][  0]LogCollectionManager: Loaded 0 collections in 0.002854 seconds
[2018.10.16-03.02.05:959][  0]LogFileCache: Scanning file cache for directory 'C:/Users/Evan/Documents/Fall 2018/EAE 3010/APOCA2_Evan_Parry/Saved/Collections/' took 0.01s
[2018.10.16-03.02.05:959][  0]LogFileCache: Scanning file cache for directory 'C:/Users/Evan/Documents/Fall 2018/EAE 3010/APOCA2_Evan_Parry/Content/Developers/Evan/Collections/' took 0.01s
[2018.10.16-03.02.05:959][  0]LogFileCache: Scanning file cache for directory 'C:/Users/Evan/Documents/Fall 2018/EAE 3010/APOCA2_Evan_Parry/Content/Collections/' took 0.01s
[2018.10.16-03.02.05:959][  0]LogCollectionManager: Rebuilt the GUID cache for 0 collections in 0.000001 seconds
[2018.10.16-03.02.05:971][  0]LogContentBrowser: Native class hierarchy populated in 0.0117 seconds. Added 2572 classes and 603 folders.
[2018.10.16-03.02.05:981][  0]LogContentBrowser: Native class hierarchy updated for 'WidgetCarousel' in 0.0004 seconds. Added 0 classes and 0 folders.
[2018.10.16-03.02.06:658][  0]LogContentBrowser: Native class hierarchy updated for 'AddContentDialog' in 0.0003 seconds. Added 0 classes and 0 folders.
[2018.10.16-03.02.06:665][  0]LogContentBrowser: Native class hierarchy updated for 'SceneOutliner' in 0.0004 seconds. Added 1 classes and 2 folders.
[2018.10.16-03.02.06:745][  0]LogSlate: Took 0.056597 seconds to synchronously load lazily loaded font '../../../Engine/Content/Slate/Fonts/Roboto-Regular.ttf' (155K)
[2018.10.16-03.02.06:767][  0]LogSlate: Took 0.018826 seconds to synchronously load lazily loaded font '../../../Engine/Content/Slate/Fonts/Roboto-Bold.ttf' (160K)
[2018.10.16-03.02.06:797][  0]LogSlate: Took 0.023957 seconds to synchronously load lazily loaded font '../../../Engine/Content/Editor/Slate/Fonts/FontAwesome.ttf' (139K)
[2018.10.16-03.02.06:919][  0]LogRenderer: Reallocating scene render targets to support 804x540 Format 10 NumSamples 1 (Frame:1).
[2018.10.16-03.02.07:077][  0]LogSlate: FSceneViewport::OnFocusLost() reason 2
[2018.10.16-03.02.07:096][  0]LogSlate: Window 'Tutorials' being destroyed
[2018.10.16-03.02.07:130][  0]LogContentBrowser: Native class hierarchy updated for 'HierarchicalLODOutliner' in 0.0004 seconds. Added 0 classes and 0 folders.
[2018.10.16-03.02.07:130][  0]LogLoad: (Engine Initialization) Total time: 34.75 seconds
[2018.10.16-03.02.07:130][  0]LogLoad: (Engine Initialization) Total Blueprint compile time: 0.00 seconds
[2018.10.16-03.02.07:166][  0]LogContentStreaming: Texture pool size now 1000 MB
[2018.10.16-03.02.07:243][  1]LogAssetRegistry: Asset discovery search completed in 26.5189 seconds
[2018.10.16-03.02.07:245][  1]LogCollectionManager: Rebuilt the object cache for 0 collections in 0.000000 seconds (found 0 objects)
[2018.10.16-03.02.07:245][  1]LogCollectionManager: Fixed up redirectors for 0 collections in 0.000081 seconds (updated 0 objects)
[2018.10.16-03.02.11:285][ 13]LogSlate: Took 0.025862 seconds to synchronously load lazily loaded font '../../../Engine/Content/Slate/Fonts/Roboto-Light.ttf' (167K)
[2018.10.16-03.07.34:366][279]LogSlate: FSceneViewport::OnFocusLost() reason 0
[2018.10.16-03.07.38:319][730]LogSlate: Took 0.000225 seconds to synchronously load lazily loaded font '../../../Engine/Content/Slate/Fonts/Roboto-Light.ttf' (167K)
[2018.10.16-03.07.38:328][730]LogAssetEditorManager: Opening Asset editor for Texture2D /Game/woodblockContent/myWoodBlocksContent/WoodTexture004.WoodTexture004
[2018.10.16-03.07.38:385][730]LogContentBrowser: Native class hierarchy updated for 'TextureEditor' in 0.0003 seconds. Added 1 classes and 2 folders.
[2018.10.16-03.07.42:050][ 49]LogSlate: Window 'WoodTexture004' being destroyed
[2018.10.16-03.07.43:159][169]LogAssetEditorManager: Opening Asset editor for Texture2D /Game/woodblockContent/myWoodBlocksContent/TanWoodTextureTile1.TanWoodTextureTile1
[2018.10.16-03.07.44:786][302]LogSlate: Window 'TanWoodTextureTile1' being destroyed
[2018.10.16-03.07.48:867][483]LogSlate: Window 'Delete Assets' being destroyed
[2018.10.16-03.12.14:448][192]LogAssetEditorManager: Opening Asset editor for Material /Game/woodblockContent/myWoodBlocksContent/M_MasterMyWoodBlock_AP.M_MasterMyWoodBlock_AP
[2018.10.16-03.12.14:452][192]LogMaterial: Display: Missing cached shader map for material M_MasterMyWoodBlock_AP, compiling. 
[2018.10.16-03.12.14:868][192]LogMaterial: Display: Missing cached shader map for material M_MasterMyWoodBlock_AP, compiling. 
[2018.10.16-03.12.14:887][192]LogMaterial: Display: Missing cached shader map for material M_MasterMyWoodBlock_AP, compiling. 
[2018.10.16-03.12.14:909][192]LogShaderCompilers: Display: Shaders left to compile 21
[2018.10.16-03.12.14:909][192]LogShaderCompilers: Display: Shaders left to compile 20
[2018.10.16-03.12.14:909][192]LogShaderCompilers: Display: Shaders left to compile 19
[2018.10.16-03.12.14:935][192]LogMaterial: Display: Missing cached shader map for material FMatExpressionPreview MaterialExpressionTextureSampleParameter2D_3, compiling. 
[2018.10.16-03.12.14:940][192]LogMaterial: Display: Missing cached shader map for material FMatExpressionPreview MaterialExpressionTextureCoordinate_0, compiling. 
[2018.10.16-03.12.14:946][192]LogMaterial: Display: Missing cached shader map for material FMatExpressionPreview MaterialExpressionTextureSampleParameter2D_2, compiling. 
[2018.10.16-03.12.14:952][192]LogMaterial: Display: Missing cached shader map for material FMatExpressionPreview MaterialExpressionVectorParameter_1, compiling. 
[2018.10.16-03.12.14:998][192]LogSlate: Took 0.000621 seconds to synchronously load lazily loaded font '../../../Engine/Content/Slate/Fonts/Roboto-BoldCondensed.ttf' (158K)
[2018.10.16-03.12.15:294][197]LogSlate: Took 0.000313 seconds to synchronously load lazily loaded font '../../../Engine/Content/Slate/Fonts/Roboto-Italic.ttf' (157K)
[2018.10.16-03.12.20:659][545]LogShaderCompilers: Display: Shaders left to compile 26
[2018.10.16-03.12.21:110][576]LogShaderCompilers: Display: Shaders left to compile 25
[2018.10.16-03.12.22:369][659]LogShaderCompilers: Display: Shaders left to compile 24
[2018.10.16-03.12.22:904][695]LogShaderCompilers: Display: Shaders left to compile 23
[2018.10.16-03.12.23:032][704]LogShaderCompilers: Display: Shaders left to compile 22
[2018.10.16-03.12.24:306][790]LogShaderCompilers: Display: Shaders left to compile 21
[2018.10.16-03.12.24:422][798]LogShaderCompilers: Display: Shaders left to compile 20
[2018.10.16-03.12.25:056][843]LogShaderCompilers: Display: Shaders left to compile 19
[2018.10.16-03.12.25:483][866]LogShaderCompilers: Display: Shaders left to compile 18
[2018.10.16-03.12.26:599][946]LogShaderCompilers: Display: Shaders left to compile 17
[2018.10.16-03.12.29:444][142]LogShaderCompilers: Display: Shaders left to compile 16
[2018.10.16-03.12.29:739][162]LogShaderCompilers: Display: Shaders left to compile 15
[2018.10.16-03.12.29:935][176]LogShaderCompilers: Display: Shaders left to compile 14
[2018.10.16-03.12.31:705][301]LogShaderCompilers: Display: Shaders left to compile 13
[2018.10.16-03.12.33:640][428]LogShaderCompilers: Display: Shaders left to compile 12
[2018.10.16-03.12.34:488][480]LogShaderCompilers: Display: Shaders left to compile 11
[2018.10.16-03.12.35:109][486]LogShaderCompilers: Display: Shaders left to compile 10
[2018.10.16-03.12.35:338][488]LogShaderCompilers: Display: Shaders left to compile 9
[2018.10.16-03.12.36:123][494]LogShaderCompilers: Display: Shaders left to compile 8
[2018.10.16-03.12.36:341][496]LogShaderCompilers: Display: Shaders left to compile 7
[2018.10.16-03.12.36:691][499]LogShaderCompilers: Display: Shaders left to compile 6
[2018.10.16-03.12.36:891][500]MaterialEditorStats: Base pass shader: 119 instructions
[2018.10.16-03.12.36:891][500]MaterialEditorStats: Base pass shader with Volumetric Lightmap: 193 instructions
[2018.10.16-03.12.36:891][500]MaterialEditorStats: Base pass vertex shader: 36 instructions
[2018.10.16-03.12.36:891][500]MaterialEditorStats: Texture samplers: 6/16
[2018.10.16-03.12.36:891][500]MaterialEditorStats: Texture Lookups (Est.): VS(0), PS(3)
[2018.10.16-03.12.36:891][500]MaterialEditorStats: User interpolators: 2/4 Scalars (1/4 Vectors) (TexCoords: 2, Custom: 0)
[2018.10.16-03.12.37:070][502]LogShaderCompilers: Display: Shaders left to compile 5
[2018.10.16-03.12.37:070][502]LogShaderCompilers: Display: Shaders left to compile 4
[2018.10.16-03.12.37:640][510]LogShaderCompilers: Display: Shaders left to compile 3
[2018.10.16-03.12.37:696][511]LogShaderCompilers: Display: Shaders left to compile 2
[2018.10.16-03.12.37:984][514]LogShaderCompilers: Display: Shaders left to compile 1
[2018.10.16-03.13.06:050][463]LogSlate: FSceneViewport::OnFocusLost() reason 0
[2018.10.16-03.13.08:751][647]LogSlate: FSceneViewport::OnFocusLost() reason 0
[2018.10.16-03.13.46:380][900]LogSlate: Window 'Message' being destroyed
[2018.10.16-03.13.49:274][900]LogMaterial: Display: Missing cached shader map for material M_MasterMyWoodBlock_AP, compiling. 
[2018.10.16-03.13.49:328][900]LogShaderCompilers: Display: Shaders left to compile 21
[2018.10.16-03.13.49:329][900]LogShaderCompilers: Display: Shaders left to compile 20
[2018.10.16-03.13.49:329][900]LogShaderCompilers: Display: Shaders left to compile 19
[2018.10.16-03.13.49:346][900]LogMaterial: Display: Missing cached shader map for material M_MasterMyWoodBlock_AP, compiling. 
[2018.10.16-03.13.49:370][900]LogMaterial: Display: Missing cached shader map for material M_MasterMyWoodBlock_AP, compiling. 
[2018.10.16-03.13.49:423][900]LogMaterial: Display: Missing cached shader map for material FDebugViewModeMaterialProxy M_MasterMyWoodBlock_AP, compiling. 
[2018.10.16-03.13.55:143][900]LogShaderCompilers: Display: Shaders left to compile 41
[2018.10.16-03.13.55:143][900]LogShaderCompilers: Display: Shaders left to compile 40
[2018.10.16-03.13.55:143][900]LogShaderCompilers: Display: Shaders left to compile 39
[2018.10.16-03.13.55:143][900]LogShaderCompilers: Display: Shaders left to compile 38
[2018.10.16-03.13.55:143][900]LogShaderCompilers: Display: Shaders left to compile 37
[2018.10.16-03.13.55:144][900]LogShaderCompilers: Display: Shaders left to compile 36
[2018.10.16-03.13.55:144][900]LogShaderCompilers: Display: Shaders left to compile 35
[2018.10.16-03.13.55:144][900]LogShaderCompilers: Display: Shaders left to compile 34
[2018.10.16-03.13.55:144][900]LogShaderCompilers: Display: Shaders left to compile 33
[2018.10.16-03.13.55:144][900]LogShaderCompilers: Display: Shaders left to compile 32
[2018.10.16-03.13.55:144][900]LogShaderCompilers: Display: Shaders left to compile 31
[2018.10.16-03.13.55:144][900]LogShaderCompilers: Display: Shaders left to compile 30
[2018.10.16-03.13.55:144][900]LogShaderCompilers: Display: Shaders left to compile 29
[2018.10.16-03.13.55:144][900]LogShaderCompilers: Display: Shaders left to compile 28
[2018.10.16-03.13.55:144][900]LogShaderCompilers: Display: Shaders left to compile 27
[2018.10.16-03.13.55:144][900]LogShaderCompilers: Display: Shaders left to compile 26
[2018.10.16-03.13.55:144][900]LogShaderCompilers: Display: Shaders left to compile 25
[2018.10.16-03.13.55:144][900]LogShaderCompilers: Display: Shaders left to compile 24
[2018.10.16-03.13.55:144][900]LogShaderCompilers: Display: Shaders left to compile 23
[2018.10.16-03.13.55:144][900]LogShaderCompilers: Display: Shaders left to compile 22
[2018.10.16-03.13.55:144][900]LogShaderCompilers: Display: Shaders left to compile 12
[2018.10.16-03.13.55:144][900]LogShaderCompilers: Display: Shaders left to compile 2
[2018.10.16-03.13.55:145][900]TextureStreamingBuild: Display: Compiling optional shaders took 5.729 seconds.
[2018.10.16-03.13.55:173][900]LogSlate: Window 'M_MasterMyWoodBlock_AP*' being destroyed
[2018.10.16-03.14.00:307][370]LogAssetEditorManager: Opening Asset editor for Material /Game/woodblockContent/myWoodBlocksContent/M_MasterMyWoodBlock_AP.M_MasterMyWoodBlock_AP
[2018.10.16-03.14.00:311][370]LogMaterial: Display: Missing cached shader map for material PreviewMaterial_0, compiling. 
[2018.10.16-03.14.00:329][370]LogShaderCompilers: Display: Shaders left to compile 21
[2018.10.16-03.14.00:501][370]LogMaterial: Display: Missing cached shader map for material PreviewMaterial_0, compiling. 
[2018.10.16-03.14.00:522][370]LogMaterial: Display: Missing cached shader map for material PreviewMaterial_0, compiling. 
[2018.10.16-03.14.00:568][370]LogMaterial: Display: Missing cached shader map for material FMatExpressionPreview MaterialExpressionTextureSampleParameter2D_3, compiling. 
[2018.10.16-03.14.00:574][370]LogMaterial: Display: Missing cached shader map for material FMatExpressionPreview MaterialExpressionTextureCoordinate_0, compiling. 
[2018.10.16-03.14.00:582][370]LogMaterial: Display: Missing cached shader map for material FMatExpressionPreview MaterialExpressionTextureSampleParameter2D_2, compiling. 
[2018.10.16-03.14.00:589][370]LogMaterial: Display: Missing cached shader map for material FMatExpressionPreview MaterialExpressionVectorParameter_1, compiling. 
[2018.10.16-03.14.03:080][523]LogShaderCompilers: Display: Shaders left to compile 29
[2018.10.16-03.14.03:838][575]LogSlate: FSceneViewport::OnFocusLost() reason 0
[2018.10.16-03.14.05:013][657]LogShaderCompilers: Display: Shaders left to compile 28
[2018.10.16-03.14.06:710][772]LogShaderCompilers: Display: Shaders left to compile 27
[2018.10.16-03.14.08:291][882]LogShaderCompilers: Display: Shaders left to compile 26
[2018.10.16-03.14.09:359][953]LogEditorTransaction: Undo Move Node
[2018.10.16-03.14.09:400][953]LogMaterial: Display: Missing cached shader map for material PreviewMaterial_0, compiling. 
[2018.10.16-03.14.09:791][968]LogShaderCompilers: Display: Shaders left to compile 29
[2018.10.16-03.14.11:964][111]LogShaderCompilers: Display: Shaders left to compile 28
[2018.10.16-03.14.13:248][200]LogShaderCompilers: Display: Shaders left to compile 27
[2018.10.16-03.14.13:519][217]LogShaderCompilers: Display: Shaders left to compile 26
[2018.10.16-03.14.15:431][327]LogShaderCompilers: Display: Shaders left to compile 25
[2018.10.16-03.14.16:023][362]LogShaderCompilers: Display: Shaders left to compile 24
[2018.10.16-03.14.17:965][475]LogShaderCompilers: Display: Shaders left to compile 23
[2018.10.16-03.14.17:982][476]LogShaderCompilers: Display: Shaders left to compile 22
[2018.10.16-03.14.19:711][576]LogShaderCompilers: Display: Shaders left to compile 21
[2018.10.16-03.14.20:495][621]LogShaderCompilers: Display: Shaders left to compile 20
[2018.10.16-03.14.21:767][694]LogShaderCompilers: Display: Shaders left to compile 19
[2018.10.16-03.14.22:658][745]LogShaderCompilers: Display: Shaders left to compile 18
[2018.10.16-03.14.23:499][793]LogMaterial: Display: Missing cached shader map for material PreviewMaterial_0, compiling. 
[2018.10.16-03.14.23:538][794]LogMaterial: Display: Missing cached shader map for material PreviewMaterial_0, compiling. 
[2018.10.16-03.14.23:968][818]LogShaderCompilers: Display: Shaders left to compile 21
[2018.10.16-03.14.24:030][822]LogShaderCompilers: Display: Shaders left to compile 20
[2018.10.16-03.14.24:112][827]LogMaterial: Display: Missing cached shader map for material PreviewMaterial_0, compiling. 
[2018.10.16-03.14.24:212][832]LogShaderCompilers: Display: Shaders left to compile 21
[2018.10.16-03.14.26:173][940]LogShaderCompilers: Display: Shaders left to compile 20
[2018.10.16-03.14.26:394][953]LogShaderCompilers: Display: Shaders left to compile 19
[2018.10.16-03.14.26:530][961]LogSlate: FSceneViewport::OnFocusLost() reason 0
[2018.10.16-03.14.26:870][983]LogShaderCompilers: Display: Shaders left to compile 18
[2018.10.16-03.14.28:085][ 61]LogShaderCompilers: Display: Shaders left to compile 17
[2018.10.16-03.14.28:213][ 70]LogShaderCompilers: Display: Shaders left to compile 16
[2018.10.16-03.14.28:312][ 77]LogShaderCompilers: Display: Shaders left to compile 15
[2018.10.16-03.14.29:439][150]LogShaderCompilers: Display: Shaders left to compile 14
[2018.10.16-03.14.29:908][180]LogShaderCompilers: Display: Shaders left to compile 13
[2018.10.16-03.14.29:930][181]LogShaderCompilers: Display: Shaders left to compile 12
[2018.10.16-03.14.30:933][245]LogShaderCompilers: Display: Shaders left to compile 11
[2018.10.16-03.14.31:534][282]LogShaderCompilers: Display: Shaders left to compile 10
[2018.10.16-03.14.33:503][405]LogShaderCompilers: Display: Shaders left to compile 9
[2018.10.16-03.14.33:849][426]LogShaderCompilers: Display: Shaders left to compile 8
[2018.10.16-03.14.34:769][486]LogShaderCompilers: Display: Shaders left to compile 7
[2018.10.16-03.14.36:150][573]LogShaderCompilers: Display: Shaders left to compile 6
[2018.10.16-03.14.36:410][590]LogShaderCompilers: Display: Shaders left to compile 5
[2018.10.16-03.14.37:216][638]LogShaderCompilers: Display: Shaders left to compile 4
[2018.10.16-03.14.38:368][712]LogShaderCompilers: Display: Shaders left to compile 3
[2018.10.16-03.14.38:811][739]LogShaderCompilers: Display: Shaders left to compile 2
[2018.10.16-03.14.40:347][842]LogShaderCompilers: Display: Shaders left to compile 1
[2018.10.16-03.14.42:338][964]MaterialEditorStats: Base pass shader: 119 instructions
[2018.10.16-03.14.42:338][964]MaterialEditorStats: Base pass shader with Volumetric Lightmap: 193 instructions
[2018.10.16-03.14.42:338][964]MaterialEditorStats: Base pass vertex shader: 36 instructions
[2018.10.16-03.14.42:338][964]MaterialEditorStats: Texture samplers: 6/16
[2018.10.16-03.14.42:338][964]MaterialEditorStats: Texture Lookups (Est.): VS(0), PS(3)
[2018.10.16-03.14.42:338][964]MaterialEditorStats: User interpolators: 2/4 Scalars (1/4 Vectors) (TexCoords: 2, Custom: 0)
[2018.10.16-03.14.43:505][ 39]LogFileHelpers: Editor autosave (incl. sublevels) for '/Temp/Untitled_1' took 0.021
[2018.10.16-03.14.43:506][ 39]OBJ SavePackage: Generating thumbnails for [1] asset(s) in package [/Game/woodblockContent/myWoodBlocksContent/M_MasterMyWoodBlock_AP] ([1] browsable assets)...
[2018.10.16-03.14.43:520][ 39]OBJ SavePackage:     Rendered thumbnail for [Material /Game/woodblockContent/myWoodBlocksContent/M_MasterMyWoodBlock_AP.M_MasterMyWoodBlock_AP]
[2018.10.16-03.14.43:520][ 39]OBJ SavePackage: Finished generating thumbnails for package [/Game/woodblockContent/myWoodBlocksContent/M_MasterMyWoodBlock_AP]
[2018.10.16-03.14.43:550][ 39]LogSavePackage: Moving '../../../../../../Users/Evan/Documents/Fall 2018/EAE 3010/APOCA2_Evan_Parry/Saved/M_MasterMyWoodBlock_AP_Auto12E1F0A4545D1397045A84189270CEA6D.tmp' to '../../../../../../Users/Evan/Documents/Fall 2018/EAE 3010/APOCA2_Evan_Parry/Saved/Autosaves/Game/woodblockContent/myWoodBlocksContent/M_MasterMyWoodBlock_AP_Auto1.uasset'
[2018.10.16-03.14.43:551][ 39]LogFileHelpers: Auto-saving content packages took 0.046
[2018.10.16-03.14.47:883][338]LogSlate: FSceneViewport::OnFocusLost() reason 0
[2018.10.16-03.14.54:247][657]LogSlate: Window 'Message' being destroyed
[2018.10.16-03.14.54:870][657]LogMaterial: Display: Missing cached shader map for material PreviewMaterial_0, compiling. 
[2018.10.16-03.14.54:919][657]LogShaderCompilers: Display: Shaders left to compile 21
[2018.10.16-03.14.54:919][657]LogShaderCompilers: Display: Shaders left to compile 20
[2018.10.16-03.14.54:919][657]LogShaderCompilers: Display: Shaders left to compile 19
[2018.10.16-03.14.54:928][657]LogMaterial: Display: Missing cached shader map for material M_MasterMyWoodBlock_AP, compiling. 
[2018.10.16-03.14.54:953][657]LogMaterial: Display: Missing cached shader map for material M_MasterMyWoodBlock_AP, compiling. 
[2018.10.16-03.14.55:003][657]LogMaterial: Display: Missing cached shader map for material FDebugViewModeMaterialProxy M_MasterMyWoodBlock_AP, compiling. 
[2018.10.16-03.14.59:440][657]LogShaderCompilers: Display: Shaders left to compile 41
[2018.10.16-03.14.59:440][657]LogShaderCompilers: Display: Shaders left to compile 40
[2018.10.16-03.14.59:440][657]LogShaderCompilers: Display: Shaders left to compile 39
[2018.10.16-03.14.59:440][657]LogShaderCompilers: Display: Shaders left to compile 38
[2018.10.16-03.14.59:440][657]LogShaderCompilers: Display: Shaders left to compile 37
[2018.10.16-03.14.59:440][657]LogShaderCompilers: Display: Shaders left to compile 36
[2018.10.16-03.14.59:440][657]LogShaderCompilers: Display: Shaders left to compile 35
[2018.10.16-03.14.59:440][657]LogShaderCompilers: Display: Shaders left to compile 34
[2018.10.16-03.14.59:440][657]LogShaderCompilers: Display: Shaders left to compile 33
[2018.10.16-03.14.59:440][657]LogShaderCompilers: Display: Shaders left to compile 32
[2018.10.16-03.14.59:440][657]LogShaderCompilers: Display: Shaders left to compile 31
[2018.10.16-03.14.59:440][657]LogShaderCompilers: Display: Shaders left to compile 30
[2018.10.16-03.14.59:440][657]LogShaderCompilers: Display: Shaders left to compile 29
[2018.10.16-03.14.59:440][657]LogShaderCompilers: Display: Shaders left to compile 28
[2018.10.16-03.14.59:440][657]LogShaderCompilers: Display: Shaders left to compile 27
[2018.10.16-03.14.59:440][657]LogShaderCompilers: Display: Shaders left to compile 26
[2018.10.16-03.14.59:440][657]LogShaderCompilers: Display: Shaders left to compile 25
[2018.10.16-03.14.59:441][657]LogShaderCompilers: Display: Shaders left to compile 24
[2018.10.16-03.14.59:441][657]LogShaderCompilers: Display: Shaders left to compile 23
[2018.10.16-03.14.59:441][657]LogShaderCompilers: Display: Shaders left to compile 22
[2018.10.16-03.14.59:441][657]LogShaderCompilers: Display: Shaders left to compile 12
[2018.10.16-03.14.59:441][657]LogShaderCompilers: Display: Shaders left to compile 2
[2018.10.16-03.14.59:443][657]TextureStreamingBuild: Display: Compiling optional shaders took 4.446 seconds.
[2018.10.16-03.14.59:474][657]LogSlate: Window 'M_MasterMyWoodBlock_AP*' being destroyed
[2018.10.16-03.15.35:695][577]LogAssetEditorManager: Opening Asset editor for MaterialInstanceConstant /Game/woodblockContent/myWoodBlocksContent/M.M
[2018.10.16-03.15.35:851][577]LogRenderer: Reallocating scene render targets to support 888x868 Format 10 NumSamples 1 (Frame:1).
[2018.10.16-03.15.37:500][727]LogSlate: Window 'M*' being destroyed
[2018.10.16-03.15.37:503][727]LogSlate: Window 'M*' being destroyed
[2018.10.16-03.15.37:537][727]LogMaterial: Display: Missing cached shader map for material FDebugViewModeMaterialProxy M, compiling. 
[2018.10.16-03.15.38:079][727]LogShaderCompilers: Display: Shaders left to compile 1
[2018.10.16-03.15.38:081][727]TextureStreamingBuild: Display: Compiling optional shaders took 0.548 seconds.
[2018.10.16-03.15.48:318][842]LogEditorViewport: Clicking on Actor (LMB): BP_Sky_Sphere_C (Sky Sphere)
[2018.10.16-03.15.48:435][842]LogSlate: FSceneViewport::OnFocusLost() reason 2
[2018.10.16-03.16.08:633][869]LogSlate: FSceneViewport::OnFocusLost() reason 2
[2018.10.16-03.16.08:693][869]LogSavePackage: Moving '../../../../../../Users/Evan/Documents/Fall 2018/EAE 3010/APOCA2_Evan_Parry/Saved/M_MyWoodBlock_0039B9FD2CF4E0ED47D06BBA481AED5989C.tmp' to '../../../../../../Users/Evan/Documents/Fall 2018/EAE 3010/APOCA2_Evan_Parry/Content/woodblockContent/myWoodBlocksContent/M_MyWoodBlock_003.uasset'
[2018.10.16-03.16.11:099][ 63]LogAssetEditorManager: Opening Asset editor for MaterialInstanceConstant /Game/woodblockContent/myWoodBlocksContent/M_MyWoodBlock_003.M_MyWoodBlock_003
[2018.10.16-03.16.15:638][388]LogSlate: FSceneViewport::OnFocusLost() reason 0
[2018.10.16-03.16.18:318][586]LogHttp: Warning: 000001632FACD440: request failed, libcurl error: 6 (Couldn't resolve host name)
[2018.10.16-03.16.18:319][586]LogHttp: Warning: 000001632FACD440: libcurl info message cache 0 (Connection 5 seems to be dead!)
[2018.10.16-03.16.18:319][586]LogHttp: Warning: 000001632FACD440: libcurl info message cache 1 (Closing connection 5)
[2018.10.16-03.16.18:319][586]LogHttp: Warning: 000001632FACD440: libcurl info message cache 2 (TLSv1.2 (OUT), TLS alert, Client hello (1):)
[2018.10.16-03.16.18:319][586]LogHttp: Warning: 000001632FACD440: libcurl info message cache 3 (Could not resolve host: datarouter.ol.epicgames.com)
[2018.10.16-03.16.18:319][586]LogHttp: Warning: 000001632FACD440: libcurl info message cache 4 (Closing connection 6)
[2018.10.16-03.16.28:742][362]LogSlate: FSceneViewport::OnFocusLost() reason 0
[2018.10.16-03.16.35:477][860]LogSlate: FSceneViewport::OnFocusLost() reason 0
[2018.10.16-03.16.57:929][713]LogSlate: Window 'M_MyWoodBlock_003*' being destroyed
[2018.10.16-03.16.57:970][713]LogMaterial: Display: Missing cached shader map for material FDebugViewModeMaterialProxy M_MyWoodBlock_003, compiling. 
[2018.10.16-03.16.58:544][713]LogShaderCompilers: Display: Shaders left to compile 1
[2018.10.16-03.16.58:546][713]TextureStreamingBuild: Display: Compiling optional shaders took 0.581 seconds.
[2018.10.16-03.17.00:686][883]LogAssetEditorManager: Opening Asset editor for MaterialInstanceConstant /Game/woodblockContent/myWoodBlocksContent/M_WoodBlock_001_AP.M_WoodBlock_001_AP
[2018.10.16-03.17.17:845][996]LogSlate: FSceneViewport::OnFocusLost() reason 0
[2018.10.16-03.17.27:453][719]LogSlate: Window 'Color Picker' being destroyed
[2018.10.16-03.24.43:904][576]LogFileHelpers: Editor autosave (incl. sublevels) for '/Temp/Untitled_1' took 0.027
[2018.10.16-03.24.43:906][576]OBJ SavePackage: Generating thumbnails for [1] asset(s) in package [/Game/woodblockContent/myWoodBlocksContent/M_MasterMyWoodBlock_AP] ([1] browsable assets)...
[2018.10.16-03.24.43:930][576]OBJ SavePackage:     Rendered thumbnail for [Material /Game/woodblockContent/myWoodBlocksContent/M_MasterMyWoodBlock_AP.M_MasterMyWoodBlock_AP]
[2018.10.16-03.24.43:930][576]OBJ SavePackage: Finished generating thumbnails for package [/Game/woodblockContent/myWoodBlocksContent/M_MasterMyWoodBlock_AP]
[2018.10.16-03.24.44:036][576]LogSavePackage: Moving '../../../../../../Users/Evan/Documents/Fall 2018/EAE 3010/APOCA2_Evan_Parry/Saved/M_MasterMyWoodBlock_AP_Auto26D9CFD424FE92275250C16B3641CAADD.tmp' to '../../../../../../Users/Evan/Documents/Fall 2018/EAE 3010/APOCA2_Evan_Parry/Saved/Autosaves/Game/woodblockContent/myWoodBlocksContent/M_MasterMyWoodBlock_AP_Auto2.uasset'
[2018.10.16-03.24.44:038][576]OBJ SavePackage: Generating thumbnails for [1] asset(s) in package [/Game/woodblockContent/myWoodBlocksContent/M_WoodBlock_001_AP] ([1] browsable assets)...
[2018.10.16-03.24.44:064][576]OBJ SavePackage:     Rendered thumbnail for [MaterialInstanceConstant /Game/woodblockContent/myWoodBlocksContent/M_WoodBlock_001_AP.M_WoodBlock_001_AP]
[2018.10.16-03.24.44:064][576]OBJ SavePackage: Finished generating thumbnails for package [/Game/woodblockContent/myWoodBlocksContent/M_WoodBlock_001_AP]
[2018.10.16-03.24.44:094][576]LogMaterial: Display: Missing cached shader map for material FDebugViewModeMaterialProxy M_WoodBlock_001_AP, compiling. 
[2018.10.16-03.24.44:595][576]LogShaderCompilers: Display: Shaders left to compile 1
[2018.10.16-03.24.44:608][576]TextureStreamingBuild: Display: Compiling optional shaders took 0.517 seconds.
[2018.10.16-03.24.44:666][576]LogSavePackage: Moving '../../../../../../Users/Evan/Documents/Fall 2018/EAE 3010/APOCA2_Evan_Parry/Saved/M_WoodBlock_001_AP_Auto2865395AA4582F2D6D52B5F9FBBD2E7C3.tmp' to '../../../../../../Users/Evan/Documents/Fall 2018/EAE 3010/APOCA2_Evan_Parry/Saved/Autosaves/Game/woodblockContent/myWoodBlocksContent/M_WoodBlock_001_AP_Auto2.uasset'
[2018.10.16-03.24.44:696][576]OBJ SavePackage: Generating thumbnails for [1] asset(s) in package [/Game/woodblockContent/myWoodBlocksContent/M_MyWoodBlock_003] ([1] browsable assets)...
[2018.10.16-03.24.44:720][576]OBJ SavePackage:     Rendered thumbnail for [MaterialInstanceConstant /Game/woodblockContent/myWoodBlocksContent/M_MyWoodBlock_003.M_MyWoodBlock_003]
[2018.10.16-03.24.44:721][576]OBJ SavePackage: Finished generating thumbnails for package [/Game/woodblockContent/myWoodBlocksContent/M_MyWoodBlock_003]
[2018.10.16-03.24.44:749][576]LogSavePackage: Moving '../../../../../../Users/Evan/Documents/Fall 2018/EAE 3010/APOCA2_Evan_Parry/Saved/M_MyWoodBlock_003_Auto232E7B2E14F5B3A7B2949059CCC098415.tmp' to '../../../../../../Users/Evan/Documents/Fall 2018/EAE 3010/APOCA2_Evan_Parry/Saved/Autosaves/Game/woodblockContent/myWoodBlocksContent/M_MyWoodBlock_003_Auto2.uasset'
[2018.10.16-03.24.44:750][576]LogFileHelpers: Auto-saving content packages took 0.847
[2018.10.16-03.29.24:074][581]LogSlate: FSceneViewport::OnFocusLost() reason 0
[2018.10.16-03.29.24:285][599]LogSlate: Window 'M_WoodBlock_001_AP*' being destroyed
[2018.10.16-03.29.26:093][749]LogAssetEditorManager: Opening Asset editor for Material /Game/woodblockContent/myWoodBlocksContent/M_MasterMyWoodBlock_AP.M_MasterMyWoodBlock_AP
[2018.10.16-03.29.26:097][749]LogMaterial: Display: Missing cached shader map for material M_MasterMyWoodBlock_AP, compiling. 
[2018.10.16-03.29.26:195][749]LogMaterial: Display: Missing cached shader map for material M_MasterMyWoodBlock_AP, compiling. 
[2018.10.16-03.29.26:211][749]LogMaterial: Display: Missing cached shader map for material M_MasterMyWoodBlock_AP, compiling. 
[2018.10.16-03.29.26:243][749]LogShaderCompilers: Display: Shaders left to compile 21
[2018.10.16-03.29.26:243][749]LogShaderCompilers: Display: Shaders left to compile 20
[2018.10.16-03.29.26:243][749]LogShaderCompilers: Display: Shaders left to compile 19
[2018.10.16-03.29.26:256][749]LogMaterial: Display: Missing cached shader map for material FMatExpressionPreview MaterialExpressionTextureSampleParameter2D_3, compiling. 
[2018.10.16-03.29.26:263][749]LogMaterial: Display: Missing cached shader map for material FMatExpressionPreview MaterialExpressionTextureCoordinate_0, compiling. 
[2018.10.16-03.29.26:269][749]LogMaterial: Display: Missing cached shader map for material FMatExpressionPreview MaterialExpressionTextureSampleParameter2D_2, compiling. 
[2018.10.16-03.29.26:275][749]LogMaterial: Display: Missing cached shader map for material FMatExpressionPreview MaterialExpressionVectorParameter_1, compiling. 
[2018.10.16-03.29.29:474][916]LogShaderCompilers: Display: Shaders left to compile 26
[2018.10.16-03.29.29:904][940]LogShaderCompilers: Display: Shaders left to compile 25
[2018.10.16-03.29.30:332][964]LogShaderCompilers: Display: Shaders left to compile 24
[2018.10.16-03.29.31:165][ 11]LogShaderCompilers: Display: Shaders left to compile 23
[2018.10.16-03.29.31:606][ 36]LogShaderCompilers: Display: Shaders left to compile 22
[2018.10.16-03.29.31:849][ 50]LogShaderCompilers: Display: Shaders left to compile 21
[2018.10.16-03.29.32:758][101]LogShaderCompilers: Display: Shaders left to compile 20
[2018.10.16-03.29.32:965][112]LogShaderCompilers: Display: Shaders left to compile 19
[2018.10.16-03.29.33:624][149]LogShaderCompilers: Display: Shaders left to compile 18
[2018.10.16-03.29.36:230][293]LogShaderCompilers: Display: Shaders left to compile 17
[2018.10.16-03.29.36:756][322]LogShaderCompilers: Display: Shaders left to compile 16
[2018.10.16-03.29.36:976][334]LogShaderCompilers: Display: Shaders left to compile 15
[2018.10.16-03.29.39:649][480]LogShaderCompilers: Display: Shaders left to compile 14
[2018.10.16-03.29.39:799][488]LogShaderCompilers: Display: Shaders left to compile 13
[2018.10.16-03.29.41:850][601]LogShaderCompilers: Display: Shaders left to compile 12
[2018.10.16-03.29.43:843][711]LogShaderCompilers: Display: Shaders left to compile 11
[2018.10.16-03.29.44:235][733]LogShaderCompilers: Display: Shaders left to compile 10
[2018.10.16-03.29.44:252][734]LogShaderCompilers: Display: Shaders left to compile 9
[2018.10.16-03.29.46:271][846]LogShaderCompilers: Display: Shaders left to compile 8
[2018.10.16-03.29.46:987][886]LogShaderCompilers: Display: Shaders left to compile 7
[2018.10.16-03.29.47:167][897]LogSlate: Window 'M_MasterMyWoodBlock_AP*' being destroyed
[2018.10.16-03.35.01:619][277]LogSavePackage: Moving '../../../../../../Users/Evan/Documents/Fall 2018/EAE 3010/APOCA2_Evan_Parry/Saved/M_MasterMyWoodBlock_AP039C8A7641D2E6503B3FFE8FCDFF4D2B.tmp' to '../../../../../../Users/Evan/Documents/Fall 2018/EAE 3010/APOCA2_Evan_Parry/Content/woodblockContent/myWoodBlocksContent/M_MasterMyWoodBlock_AP.uasset'
[2018.10.16-03.35.04:876][424]LogSlate: Window 'Save Content' being destroyed
[2018.10.16-03.35.04:924][424]LogSavePackage: Moving '../../../../../../Users/Evan/Documents/Fall 2018/EAE 3010/APOCA2_Evan_Parry/Saved/M_MyWoodBlock_003E648186F4B55D6CFBF9322BD616C17C5.tmp' to '../../../../../../Users/Evan/Documents/Fall 2018/EAE 3010/APOCA2_Evan_Parry/Content/woodblockContent/myWoodBlocksContent/M_MyWoodBlock_003.uasset'
[2018.10.16-03.35.04:955][424]LogSavePackage: Moving '../../../../../../Users/Evan/Documents/Fall 2018/EAE 3010/APOCA2_Evan_Parry/Saved/M_WoodBlock_001_APFB69025F4F797ACE31DF2F91EC873C1D.tmp' to '../../../../../../Users/Evan/Documents/Fall 2018/EAE 3010/APOCA2_Evan_Parry/Content/woodblockContent/myWoodBlocksContent/M_WoodBlock_001_AP.uasset'
[2018.10.16-03.35.05:031][424]LogSlate: Window 'APOCA2_Evan_Parry - Unreal Editor' being destroyed
[2018.10.16-03.35.05:273][425]Cmd: QUIT_EDITOR
[2018.10.16-03.35.05:440][425]LogWindowsTextInputMethodSystem: Display: IME system now deactivated.
[2018.10.16-03.35.05:473][425]LogExit: Preparing to exit.
[2018.10.16-03.35.06:495][425]LogExit: Editor shut down
[2018.10.16-03.35.06:495][425]LogExit: Transaction tracking system shut down
[2018.10.16-03.35.07:300][425]LogExit: Object subsystem successfully closed.
[2018.10.16-03.35.07:325][425]LogShaderCompilers: Display: Shaders left to compile 0
[2018.10.16-03.35.07:331][425]LogD3D11RHI: Shutdown
[2018.10.16-03.35.07:331][425]LogD3D11RHI: CleanupD3DDevice
[2018.10.16-03.35.07:334][425]LogD3D11RHI: ~FD3D11DynamicRHI
[2018.10.16-03.35.07:353][425]LogModuleManager: Shutting down and abandoning module TextureEditor (614)
[2018.10.16-03.35.07:353][425]LogModuleManager: Shutting down and abandoning module HierarchicalLODOutliner (612)
[2018.10.16-03.35.07:353][425]LogModuleManager: Shutting down and abandoning module SceneOutliner (610)
[2018.10.16-03.35.07:353][425]LogModuleManager: Shutting down and abandoning module AddContentDialog (608)
[2018.10.16-03.35.07:356][425]LogModuleManager: Shutting down and abandoning module WidgetCarousel (607)
[2018.10.16-03.35.07:356][425]LogModuleManager: Shutting down and abandoning module EditorWidgets (604)
[2018.10.16-03.35.07:356][425]LogModuleManager: Shutting down and abandoning module CollectionManager (602)
[2018.10.16-03.35.07:356][425]LogModuleManager: Shutting down and abandoning module HierarchicalLODUtilities (600)
[2018.10.16-03.35.07:356][425]LogModuleManager: Shutting down and abandoning module StatsViewer (598)
[2018.10.16-03.35.07:356][425]LogModuleManager: Shutting down and abandoning module FoliageEdit (596)
[2018.10.16-03.35.07:356][425]LogModuleManager: Shutting down and abandoning module LandscapeEditor (594)
[2018.10.16-03.35.07:356][425]LogModuleManager: Shutting down and abandoning module MeshPaintMode (592)
[2018.10.16-03.35.07:356][425]LogModuleManager: Shutting down and abandoning module SceneDepthPickerMode (590)
[2018.10.16-03.35.07:356][425]LogModuleManager: Shutting down and abandoning module ActorPickerMode (588)
[2018.10.16-03.35.07:356][425]LogModuleManager: Shutting down and abandoning module GeometryMode (586)
[2018.10.16-03.35.07:356][425]LogModuleManager: Shutting down and abandoning module TextureAlignMode (584)
[2018.10.16-03.35.07:356][425]LogModuleManager: Shutting down and abandoning module BspMode (582)
[2018.10.16-03.35.07:356][425]LogModuleManager: Shutting down and abandoning module PIEPreviewDeviceProfileSelector (580)
[2018.10.16-03.35.07:356][425]LogModuleManager: Shutting down and abandoning module SequenceRecorderSections (578)
[2018.10.16-03.35.07:356][425]LogModuleManager: Shutting down and abandoning module AutomationWorker (576)
[2018.10.16-03.35.07:356][425]LogModuleManager: Shutting down and abandoning module AudioCaptureEditor (574)
[2018.10.16-03.35.07:356][425]LogModuleManager: Shutting down and abandoning module SequenceRecorder (573)
[2018.10.16-03.35.07:356][425]LogModuleManager: Shutting down and abandoning module MatineeToLevelSequence (570)
[2018.10.16-03.35.07:356][425]LogModuleManager: Shutting down and abandoning module LevelSequenceEditor (568)
[2018.10.16-03.35.07:357][425]LogModuleManager: Shutting down and abandoning module PlacementMode (567)
[2018.10.16-03.35.07:357][425]LogModuleManager: Shutting down and abandoning module MaterialEditor (566)
[2018.10.16-03.35.07:357][425]LogModuleManager: Shutting down and abandoning module WmfMediaFactory (562)
[2018.10.16-03.35.07:357][425]LogModuleManager: Shutting down and abandoning module WmfMediaEditor (560)
[2018.10.16-03.35.07:357][425]LogModuleManager: Shutting down and abandoning module MediaPlayerEditor (558)
[2018.10.16-03.35.07:357][425]LogModuleManager: Shutting down and abandoning module OpenExrWrapper (556)
[2018.10.16-03.35.07:357][425]LogModuleManager: Shutting down and abandoning module ImgMediaFactory (554)
[2018.10.16-03.35.07:357][425]LogModuleManager: Shutting down and abandoning module ImgMediaEditor (552)
[2018.10.16-03.35.07:357][425]LogModuleManager: Shutting down and abandoning module AvfMediaFactory (550)
[2018.10.16-03.35.07:357][425]LogModuleManager: Shutting down and abandoning module AvfMediaEditor (548)
[2018.10.16-03.35.07:357][425]LogModuleManager: Shutting down and abandoning module AndroidMediaFactory (546)
[2018.10.16-03.35.07:357][425]LogModuleManager: Shutting down and abandoning module AndroidMediaEditor (544)
[2018.10.16-03.35.07:357][425]LogModuleManager: Shutting down and abandoning module MagicLeapCameraPreviewFactory (542)
[2018.10.16-03.35.07:357][425]LogModuleManager: Shutting down and abandoning module MagicLeapMediaFactory (540)
[2018.10.16-03.35.07:357][425]LogModuleManager: Shutting down and abandoning module MagicLeapMediaEditor (538)
[2018.10.16-03.35.07:357][425]LogModuleManager: Shutting down and abandoning module CharacterAI (536)
[2018.10.16-03.35.07:357][425]LogModuleManager: Shutting down and abandoning module SmartSnapping (534)
[2018.10.16-03.35.07:357][425]LogModuleManager: Shutting down and abandoning module SessionServices (532)
[2018.10.16-03.35.07:357][425]LogModuleManager: Shutting down and abandoning module ViewportSnapping (530)
[2018.10.16-03.35.07:357][425]LogModuleManager: Shutting down and abandoning module ViewportInteraction (528)
[2018.10.16-03.35.07:357][425]LogModuleManager: Shutting down and abandoning module ClothPainter (526)
[2018.10.16-03.35.07:357][425]LogModuleManager: Shutting down and abandoning module SkeletalMeshEditor (525)
[2018.10.16-03.35.07:357][425]LogModuleManager: Shutting down and abandoning module LogVisualizer (522)
[2018.10.16-03.35.07:357][425]LogModuleManager: Shutting down and abandoning module IntroTutorials (520)
[2018.10.16-03.35.07:358][425]LogModuleManager: Shutting down and abandoning module GameProjectGeneration (519)
[2018.10.16-03.35.07:358][425]LogModuleManager: Shutting down and abandoning module LuminPlatformEditor (516)
[2018.10.16-03.35.07:358][425]LogModuleManager: Shutting down and abandoning module IOSPlatformEditor (514)
[2018.10.16-03.35.07:358][425]LogModuleManager: Shutting down and abandoning module HTML5PlatformEditor (512)
[2018.10.16-03.35.07:358][425]LogModuleManager: Shutting down and abandoning module AndroidPlatformEditor (510)
[2018.10.16-03.35.07:358][425]LogModuleManager: Shutting down and abandoning module AndroidDeviceDetection (509)
[2018.10.16-03.35.07:484][425]LogModuleManager: Shutting down and abandoning module WindowsPlatformEditor (506)
[2018.10.16-03.35.07:484][425]LogModuleManager: Shutting down and abandoning module LuminRuntimeSettings (504)
[2018.10.16-03.35.07:484][425]LogModuleManager: Shutting down and abandoning module IOSRuntimeSettings (502)
[2018.10.16-03.35.07:484][425]LogModuleManager: Shutting down and abandoning module AndroidRuntimeSettings (500)
[2018.10.16-03.35.07:484][425]LogModuleManager: Shutting down and abandoning module InputBindingEditor (498)
[2018.10.16-03.35.07:484][425]LogModuleManager: Shutting down and abandoning module MergeActors (496)
[2018.10.16-03.35.07:484][425]LogModuleManager: Shutting down and abandoning module LocalizationDashboard (494)
[2018.10.16-03.35.07:484][425]LogModuleManager: Shutting down and abandoning module LocalizationService (493)
[2018.10.16-03.35.07:484][425]LogModuleManager: Shutting down and abandoning module HardwareTargeting (490)
[2018.10.16-03.35.07:484][425]LogModuleManager: Shutting down and abandoning module DeviceProfileEditor (488)
[2018.10.16-03.35.07:484][425]LogModuleManager: Shutting down and abandoning module UndoHistory (486)
[2018.10.16-03.35.07:484][425]LogModuleManager: Shutting down and abandoning module XmlParser (484)
[2018.10.16-03.35.07:484][425]LogModuleManager: Shutting down and abandoning module Blutility (482)
[2018.10.16-03.35.07:485][425]LogModuleManager: Shutting down and abandoning module ProjectSettingsViewer (480)
[2018.10.16-03.35.07:485][425]LogModuleManager: Shutting down and abandoning module ProjectTargetPlatformEditor (479)
[2018.10.16-03.35.07:485][425]LogModuleManager: Shutting down and abandoning module EditorSettingsViewer (476)
[2018.10.16-03.35.07:485][425]LogModuleManager: Shutting down and abandoning module SettingsEditor (474)
[2018.10.16-03.35.07:485][425]LogModuleManager: Shutting down and abandoning module ProjectLauncher (472)
[2018.10.16-03.35.07:485][425]LogModuleManager: Shutting down and abandoning module SessionFrontend (470)
[2018.10.16-03.35.07:485][425]LogModuleManager: Shutting down and abandoning module ProfilerClient (468)
[2018.10.16-03.35.07:485][425]LogModuleManager: Shutting down and abandoning module DeviceManager (466)
[2018.10.16-03.35.07:485][425]LogModuleManager: Shutting down and abandoning module TargetDeviceServices (465)
[2018.10.16-03.35.07:551][425]LogModuleManager: Shutting down and abandoning module AutomationController (462)
[2018.10.16-03.35.07:551][425]LogModuleManager: Shutting down and abandoning module AutomationWindow (460)
[2018.10.16-03.35.07:551][425]LogModuleManager: Shutting down and abandoning module Layers (458)
[2018.10.16-03.35.07:551][425]LogModuleManager: Shutting down and abandoning module ComponentVisualizers (456)
[2018.10.16-03.35.07:551][425]LogModuleManager: Shutting down and abandoning module DetailCustomizations (454)
[2018.10.16-03.35.07:551][425]LogModuleManager: Shutting down and abandoning module PackagesDialog (452)
[2018.10.16-03.35.07:551][425]LogModuleManager: Shutting down and abandoning module Persona (450)
[2018.10.16-03.35.07:551][425]LogModuleManager: Shutting down and abandoning module AdvancedPreviewScene (449)
[2018.10.16-03.35.07:551][425]LogModuleManager: Shutting down and abandoning module AnimGraph (447)
[2018.10.16-03.35.07:551][425]LogModuleManager: Shutting down and abandoning module Kismet (444)
[2018.10.16-03.35.07:551][425]LogModuleManager: Shutting down and abandoning module GraphEditor (442)
[2018.10.16-03.35.07:552][425]LogModuleManager: Shutting down and abandoning module ClassViewer (440)
[2018.10.16-03.35.07:552][425]LogModuleManager: Shutting down and abandoning module Toolbox (438)
[2018.10.16-03.35.07:552][425]LogModuleManager: Shutting down and abandoning module ModuleUI (436)
[2018.10.16-03.35.07:552][425]LogModuleManager: Shutting down and abandoning module MovieSceneTools (434)
[2018.10.16-03.35.07:552][425]LogModuleManager: Shutting down and abandoning module OutputLog (432)
[2018.10.16-03.35.07:552][425]LogModuleManager: Shutting down and abandoning module GammaUI (430)
[2018.10.16-03.35.07:552][425]LogModuleManager: Shutting down and abandoning module Documentation (428)
[2018.10.16-03.35.07:552][425]LogModuleManager: Shutting down and abandoning module MovieSceneTracks (426)
[2018.10.16-03.35.07:552][425]LogModuleManager: Shutting down and abandoning module MovieScene (424)
[2018.10.16-03.35.07:552][425]LogModuleManager: Shutting down and abandoning module StreamingPauseRendering (422)
[2018.10.16-03.35.07:552][425]LogModuleManager: Shutting down and abandoning module LauncherPlatform (420)
[2018.10.16-03.35.07:552][425]LogModuleManager: Shutting down and abandoning module AnalyticsET (418)
[2018.10.16-03.35.07:552][425]LogModuleManager: Shutting down and abandoning module PortalServices (416)
[2018.10.16-03.35.07:552][425]LogModuleManager: Shutting down and abandoning module PortalRpc (414)
[2018.10.16-03.35.07:552][425]LogModuleManager: Shutting down and abandoning module MessagingRpc (412)
[2018.10.16-03.35.07:552][425]LogModuleManager: Shutting down and abandoning module AIModule (410)
[2018.10.16-03.35.07:552][425]LogModuleManager: Shutting down and abandoning module GameplayDebugger (409)
[2018.10.16-03.35.07:552][425]LogModuleManager: Shutting down and abandoning module AITestSuite (407)
[2018.10.16-03.35.07:552][425]LogModuleManager: Shutting down and abandoning module NavigationSystem (405)
[2018.10.16-03.35.07:552][425]LogModuleManager: Shutting down and abandoning module DesktopPlatform (402)
[2018.10.16-03.35.07:552][425]LogModuleManager: Shutting down and abandoning module ProfilerService (400)
[2018.10.16-03.35.07:612][425]LogModuleManager: Shutting down and abandoning module TaskGraph (398)
[2018.10.16-03.35.07:613][425]LogModuleManager: Shutting down and abandoning module SteamVRController (396)
[2018.10.16-03.35.07:613][425]LogModuleManager: Shutting down and abandoning module ProceduralMeshComponentEditor (394)
[2018.10.16-03.35.07:613][425]LogModuleManager: Shutting down and abandoning module ProceduralMeshComponent (392)
[2018.10.16-03.35.07:613][425]LogModuleManager: Shutting down and abandoning module OculusInput (390)
[2018.10.16-03.35.07:613][425]LogModuleManager: Shutting down and abandoning module MobilePatchingUtils (388)
[2018.10.16-03.35.07:613][425]LogModuleManager: Shutting down and abandoning module EditableMesh (386)
[2018.10.16-03.35.07:613][425]LogModuleManager: Shutting down and abandoning module CustomMeshComponent (384)
[2018.10.16-03.35.07:613][425]LogModuleManager: Shutting down and abandoning module CableComponent (382)
[2018.10.16-03.35.07:613][425]LogModuleManager: Shutting down and abandoning module AudioCapture (380)
[2018.10.16-03.35.07:613][425]LogModuleManager: Shutting down and abandoning module ArchVisCharacter (378)
[2018.10.16-03.35.07:613][425]LogModuleManager: Shutting down and abandoning module AndroidPermission (376)
[2018.10.16-03.35.07:613][425]LogModuleManager: Shutting down and abandoning module NUTUnrealEngine4 (374)
[2018.10.16-03.35.07:613][425]LogModuleManager: Shutting down and abandoning module NetcodeUnitTest (372)
[2018.10.16-03.35.07:613][425]LogModuleManager: Shutting down and abandoning module MediaCompositingEditor (370)
[2018.10.16-03.35.07:613][425]LogModuleManager: Shutting down and abandoning module MediaCompositing (368)
[2018.10.16-03.35.07:613][425]LogModuleManager: Shutting down and abandoning module LinearTimecode (366)
[2018.10.16-03.35.07:613][425]LogModuleManager: Shutting down and abandoning module ImgMedia (364)
[2018.10.16-03.35.07:634][425]LogModuleManager: Shutting down and abandoning module HTML5Networking (362)
[2018.10.16-03.35.07:634][425]LogModuleManager: Shutting down and abandoning module GeometryCacheTracks (360)
[2018.10.16-03.35.07:634][425]LogModuleManager: Shutting down and abandoning module GeometryCacheSequencer (358)
[2018.10.16-03.35.07:634][425]LogModuleManager: Shutting down and abandoning module BackChannel (356)
[2018.10.16-03.35.07:634][425]LogModuleManager: Shutting down and abandoning module AppleVision (354)
[2018.10.16-03.35.07:634][425]LogModuleManager: Shutting down and abandoning module AppleImageUtils (352)
[2018.10.16-03.35.07:634][425]LogModuleManager: Shutting down and abandoning module AlembicImporter (350)
[2018.10.16-03.35.07:634][425]LogModuleManager: Shutting down and abandoning module AlembicLibrary (349)
[2018.10.16-03.35.07:634][425]LogModuleManager: Shutting down and abandoning module GeometryCache (348)
[2018.10.16-03.35.07:634][425]LogModuleManager: Shutting down and abandoning module GeometryCacheEd (347)
[2018.10.16-03.35.07:634][425]LogModuleManager: Shutting down and abandoning module DatasmithContentEditor (342)
[2018.10.16-03.35.07:634][425]LogModuleManager: Shutting down and abandoning module DatasmithContent (340)
[2018.10.16-03.35.07:635][425]LogModuleManager: Shutting down and abandoning module SpeedTreeImporter (338)
[2018.10.16-03.35.07:635][425]LogModuleManager: Shutting down and abandoning module PluginBrowser (336)
[2018.10.16-03.35.07:635][425]LogModuleManager: Shutting down and abandoning module MobileLauncherProfileWizard (334)
[2018.10.16-03.35.07:635][425]LogModuleManager: Shutting down and abandoning module PolygonModeling (332)
[2018.10.16-03.35.07:635][425]LogModuleManager: Shutting down and abandoning module MeshEditor (330)
[2018.10.16-03.35.07:635][425]LogModuleManager: Shutting down and abandoning module CryptoKeysOpenSSL (328)
[2018.10.16-03.35.07:635][425]LogModuleManager: Shutting down and abandoning module CryptoKeys (326)
[2018.10.16-03.35.07:635][425]LogModuleManager: Shutting down and abandoning module VisualStudioSourceCodeAccess (324)
[2018.10.16-03.35.07:635][425]LogModuleManager: Shutting down and abandoning module VisualStudioCodeSourceCodeAccess (322)
[2018.10.16-03.35.07:635][425]LogModuleManager: Shutting down and abandoning module UObjectPlugin (320)
[2018.10.16-03.35.07:635][425]LogModuleManager: Shutting down and abandoning module SubversionSourceControl (318)
[2018.10.16-03.35.07:635][425]LogModuleManager: Shutting down and abandoning module PerforceSourceControl (316)
[2018.10.16-03.35.07:635][425]LogModuleManager: Shutting down and abandoning module GitSourceControl (314)
[2018.10.16-03.35.07:635][425]LogModuleManager: Shutting down and abandoning module SourceControl (313)
[2018.10.16-03.35.07:635][425]LogModuleManager: Shutting down and abandoning module CLionSourceCodeAccess (310)
[2018.10.16-03.35.07:635][425]LogModuleManager: Shutting down and abandoning module LightPropagationVolumeEditor (308)
[2018.10.16-03.35.07:635][425]LogModuleManager: Shutting down and abandoning module PaperTiledImporter (306)
[2018.10.16-03.35.07:635][425]LogModuleManager: Shutting down and abandoning module PaperSpriteSheetImporter (304)
[2018.10.16-03.35.07:635][425]LogModuleManager: Shutting down and abandoning module Paper2DEditor (302)
[2018.10.16-03.35.07:635][425]LogModuleManager: Shutting down and abandoning module MeshPaint (301)
[2018.10.16-03.35.07:635][425]LogModuleManager: Shutting down and abandoning module RuntimePhysXCooking (298)
[2018.10.16-03.35.07:635][425]LogModuleManager: Shutting down and abandoning module PhysXVehiclesEditor (296)
[2018.10.16-03.35.07:635][425]LogModuleManager: Shutting down and abandoning module PhysXVehicles (294)
[2018.10.16-03.35.07:635][425]LogModuleManager: Shutting down and abandoning module OculusEditor (292)
[2018.10.16-03.35.07:636][425]LogModuleManager: Shutting down and abandoning module LocationServicesBPLibrary (290)
[2018.10.16-03.35.07:636][425]LogModuleManager: Shutting down and abandoning module ImmediatePhysicsEditor (288)
[2018.10.16-03.35.07:636][425]LogModuleManager: Shutting down and abandoning module ImmediatePhysics (286)
[2018.10.16-03.35.07:636][425]LogModuleManager: Shutting down and abandoning module ActorSequence (284)
[2018.10.16-03.35.07:636][425]LogModuleManager: Shutting down and abandoning module UdpMessaging (282)
[2018.10.16-03.35.07:737][425]LogModuleManager: Shutting down and abandoning module TcpMessaging (280)
[2018.10.16-03.35.07:838][425]LogModuleManager: Shutting down and abandoning module MagicLeapAudio (278)
[2018.10.16-03.35.07:838][425]LogModuleManager: Shutting down and abandoning module GameplayTagsEditor (276)
[2018.10.16-03.35.07:838][425]LogModuleManager: Shutting down and abandoning module FacialAnimationEditor (274)
[2018.10.16-03.35.07:838][425]LogModuleManager: Shutting down and abandoning module FacialAnimation (272)
[2018.10.16-03.35.07:838][425]LogModuleManager: Shutting down and abandoning module DataValidation (270)
[2018.10.16-03.35.07:838][425]LogModuleManager: Shutting down and abandoning module AssetManagerEditor (268)
[2018.10.16-03.35.07:838][425]LogModuleManager: Shutting down and abandoning module LevelEditor (267)
[2018.10.16-03.35.07:838][425]LogModuleManager: Shutting down and abandoning module PixelInspectorModule (266)
[2018.10.16-03.35.07:838][425]LogModuleManager: Shutting down and abandoning module CommonMenuExtensions (264)
[2018.10.16-03.35.07:838][425]LogModuleManager: Shutting down and abandoning module MainFrame (262)
[2018.10.16-03.35.07:838][425]LogModuleManager: Shutting down and abandoning module HotReload (261)
[2018.10.16-03.35.07:839][425]LogModuleManager: Shutting down and abandoning module ContentBrowser (257)
[2018.10.16-03.35.07:842][425]LogModuleManager: Shutting down and abandoning module TreeMap (255)
[2018.10.16-03.35.07:842][425]LogModuleManager: Shutting down and abandoning module LightPropagationVolumeRuntime (252)
[2018.10.16-03.35.07:842][425]LogModuleManager: Shutting down and abandoning module AISupportModule (250)
[2018.10.16-03.35.07:843][425]LogModuleManager: Shutting down and abandoning module Paper2D (248)
[2018.10.16-03.35.07:843][425]LogModuleManager: Shutting down and abandoning module WindowsMoviePlayer (246)
[2018.10.16-03.35.07:843][425]LogModuleManager: Shutting down and abandoning module WmfMedia (244)
[2018.10.16-03.35.07:844][425]LogModuleManager: Shutting down and abandoning module Media (243)
[2018.10.16-03.35.07:850][425]LogModuleManager: Shutting down and abandoning module PacketHandler (240)
[2018.10.16-03.35.07:850][425]LogModuleManager: Shutting down and abandoning module ClothingSystemEditor (238)
[2018.10.16-03.35.07:850][425]LogModuleManager: Shutting down and abandoning module ClothingSystemRuntime (236)
[2018.10.16-03.35.07:850][425]LogModuleManager: Shutting down and abandoning module MediaAssets (234)
[2018.10.16-03.35.07:850][425]LogModuleManager: Shutting down and abandoning module Overlay (232)
[2018.10.16-03.35.07:851][425]LogModuleManager: Shutting down and abandoning module OverlayEditor (231)
[2018.10.16-03.35.07:851][425]LogModuleManager: Shutting down and abandoning module VREditor (228)
[2018.10.16-03.35.07:851][425]LogModuleManager: Shutting down and abandoning module StringTableEditor (226)
[2018.10.16-03.35.07:851][425]LogModuleManager: Shutting down and abandoning module GameplayTasksEditor (224)
[2018.10.16-03.35.07:851][425]LogModuleManager: Shutting down and abandoning module BehaviorTreeEditor (222)
[2018.10.16-03.35.07:851][425]LogModuleManager: Shutting down and abandoning module FunctionalTesting (220)
[2018.10.16-03.35.07:851][425]LogModuleManager: Shutting down and abandoning module CollisionAnalyzer (218)
[2018.10.16-03.35.07:851][425]LogModuleManager: Shutting down and abandoning module WorkspaceMenuStructure (217)
[2018.10.16-03.35.07:851][425]LogModuleManager: Shutting down and abandoning module UMG (214)
[2018.10.16-03.35.07:851][425]LogModuleManager: Shutting down and abandoning module UMGEditor (213)
[2018.10.16-03.35.07:851][425]LogModuleManager: Shutting down and abandoning module Sequencer (212)
[2018.10.16-03.35.07:851][425]LogModuleManager: Shutting down and abandoning module MessageLog (209)
[2018.10.16-03.35.07:851][425]LogModuleManager: Shutting down and abandoning module SlateReflector (204)
[2018.10.16-03.35.07:851][425]LogModuleManager: Shutting down and abandoning module Slate (202)
[2018.10.16-03.35.07:851][425]LogModuleManager: Shutting down and abandoning module EditorStyle (200)
[2018.10.16-03.35.07:853][425]LogModuleManager: Shutting down and abandoning module MRMesh (198)
[2018.10.16-03.35.07:853][425]LogModuleManager: Shutting down and abandoning module SourceCodeAccess (196)
[2018.10.16-03.35.07:854][425]LogModuleManager: Shutting down and abandoning module HeadMountedDisplay (194)
[2018.10.16-03.35.07:854][425]LogModuleManager: Shutting down and abandoning module XAudio2 (192)
[2018.10.16-03.35.07:854][425]LogModuleManager: Shutting down and abandoning module Networking (190)
[2018.10.16-03.35.07:854][425]LogModuleManager: Shutting down and abandoning module Core (188)
[2018.10.16-03.35.07:854][425]LogModuleManager: Shutting down and abandoning module LevelSequence (186)
[2018.10.16-03.35.07:854][425]LogModuleManager: Shutting down and abandoning module KismetCompiler (184)
[2018.10.16-03.35.07:854][425]LogModuleManager: Shutting down and abandoning module MeshUtilities (182)
[2018.10.16-03.35.07:854][425]LogModuleManager: Shutting down and abandoning module MeshMergeUtilities (181)
[2018.10.16-03.35.07:854][425]LogModuleManager: Shutting down and abandoning module MeshReductionInterface (180)
[2018.10.16-03.35.07:854][425]LogModuleManager: Shutting down and abandoning module SimplygonSwarm (179)
[2018.10.16-03.35.07:854][425]LogModuleManager: Shutting down and abandoning module ProxyLODMeshReduction (177)
[2018.10.16-03.35.07:854][425]LogModuleManager: Shutting down and abandoning module SimplygonMeshReduction (175)
[2018.10.16-03.35.07:854][425]LogModuleManager: Shutting down and abandoning module QuadricMeshReduction (173)
[2018.10.16-03.35.07:854][425]LogModuleManager: Shutting down and abandoning module MaterialBaking (169)
[2018.10.16-03.35.07:854][425]LogModuleManager: Shutting down and abandoning module DirectoryWatcher (165)
[2018.10.16-03.35.07:854][425]LogModuleManager: Shutting down and abandoning module DerivedDataCache (162)
[2018.10.16-03.35.07:859][425]LogDerivedDataCache: Shutdown
[2018.10.16-03.35.07:859][425]LogModuleManager: Shutting down and abandoning module XGEController (160)
[2018.10.16-03.35.07:859][425]LogModuleManager: Shutting down and abandoning module TargetPlatform (158)
[2018.10.16-03.35.07:859][425]LogModuleManager: Shutting down and abandoning module VulkanShaderFormat (157)
[2018.10.16-03.35.07:859][425]LogModuleManager: Shutting down and abandoning module ShaderFormatVectorVM (155)
[2018.10.16-03.35.07:859][425]LogModuleManager: Shutting down and abandoning module ShaderFormatOpenGL (153)
[2018.10.16-03.35.07:859][425]LogModuleManager: Shutting down and abandoning module ShaderFormatD3D (151)
[2018.10.16-03.35.07:859][425]LogModuleManager: Shutting down and abandoning module MetalShaderFormat (149)
[2018.10.16-03.35.07:859][425]LogModuleManager: Shutting down and abandoning module TextureFormatUncompressed (147)
[2018.10.16-03.35.07:859][425]LogModuleManager: Shutting down and abandoning module TextureFormatPVR (145)
[2018.10.16-03.35.07:859][425]LogModuleManager: Shutting down and abandoning module TextureFormatDXT (143)
[2018.10.16-03.35.07:859][425]LogModuleManager: Shutting down and abandoning module TextureFormatIntelISPCTexComp (141)
[2018.10.16-03.35.07:860][425]LogModuleManager: Shutting down and abandoning module TextureFormatASTC (139)
[2018.10.16-03.35.07:860][425]LogModuleManager: Shutting down and abandoning module ImageWrapper (138)
[2018.10.16-03.35.07:860][425]LogModuleManager: Shutting down and abandoning module TextureFormatAndroid (135)
[2018.10.16-03.35.07:860][425]LogModuleManager: Shutting down and abandoning module AudioFormatOpus (133)
[2018.10.16-03.35.07:860][425]LogModuleManager: Shutting down and abandoning module AudioFormatOgg (131)
[2018.10.16-03.35.07:860][425]LogModuleManager: Shutting down and abandoning module AudioFormatADPCM (129)
[2018.10.16-03.35.07:860][425]LogModuleManager: Shutting down and abandoning module LuminTargetPlatform (127)
[2018.10.16-03.35.07:860][425]LogModuleManager: Shutting down and abandoning module LinuxTargetPlatform (125)
[2018.10.16-03.35.07:860][425]LogModuleManager: Shutting down and abandoning module LinuxServerTargetPlatform (123)
[2018.10.16-03.35.07:860][425]LogModuleManager: Shutting down and abandoning module LinuxNoEditorTargetPlatform (121)
[2018.10.16-03.35.07:860][425]LogModuleManager: Shutting down and abandoning module LinuxClientTargetPlatform (119)
[2018.10.16-03.35.07:860][425]LogModuleManager: Shutting down and abandoning module TVOSTargetPlatform (117)
[2018.10.16-03.35.07:868][425]LogModuleManager: Shutting down and abandoning module Messaging (115)
[2018.10.16-03.35.07:868][425]LogModuleManager: Shutting down and abandoning module IOSTargetPlatform (113)
[2018.10.16-03.35.07:873][425]LogModuleManager: Shutting down and abandoning module HTML5TargetPlatform (111)
[2018.10.16-03.35.07:873][425]LogModuleManager: Shutting down and abandoning module AndroidTargetPlatform (109)
[2018.10.16-03.35.07:906][425]LogModuleManager: Shutting down and abandoning module WindowsTargetPlatform (107)
[2018.10.16-03.35.07:906][425]LogModuleManager: Shutting down and abandoning module WindowsServerTargetPlatform (105)
[2018.10.16-03.35.07:906][425]LogModuleManager: Shutting down and abandoning module WindowsNoEditorTargetPlatform (103)
[2018.10.16-03.35.07:906][425]LogModuleManager: Shutting down and abandoning module WindowsClientTargetPlatform (101)
[2018.10.16-03.35.07:906][425]LogModuleManager: Shutting down and abandoning module MacTargetPlatform (99)
[2018.10.16-03.35.07:906][425]LogModuleManager: Shutting down and abandoning module MacServerTargetPlatform (97)
[2018.10.16-03.35.07:906][425]LogModuleManager: Shutting down and abandoning module MacNoEditorTargetPlatform (95)
[2018.10.16-03.35.07:906][425]LogModuleManager: Shutting down and abandoning module MacClientTargetPlatform (93)
[2018.10.16-03.35.07:906][425]LogModuleManager: Shutting down and abandoning module AllDesktopTargetPlatform (91)
[2018.10.16-03.35.07:906][425]LogModuleManager: Shutting down and abandoning module InputCore (88)
[2018.10.16-03.35.07:906][425]LogModuleManager: Shutting down and abandoning module Settings (86)
[2018.10.16-03.35.07:906][425]LogModuleManager: Shutting down and abandoning module PhysXCooking (84)
[2018.10.16-03.35.07:907][425]LogModuleManager: Shutting down and abandoning module SteamVR (82)
[2018.10.16-03.35.07:907][425]LogModuleManager: Shutting down and abandoning module OculusHMD (80)
[2018.10.16-03.35.07:907][425]LogModuleManager: Shutting down and abandoning module ExampleDeviceProfileSelector (78)
[2018.10.16-03.35.07:907][425]LogModuleManager: Shutting down and abandoning module LauncherChunkInstaller (76)
[2018.10.16-03.35.07:907][425]LogModuleManager: Shutting down and abandoning module OnlineBlueprintSupport (74)
[2018.10.16-03.35.07:907][425]LogModuleManager: Shutting down and abandoning module OnlineSubsystem (70)
[2018.10.16-03.35.07:908][425]LogModuleManager: Shutting down and abandoning module XMPP (65)
[2018.10.16-03.35.07:908][425]LogModuleManager: Shutting down and abandoning module WebSockets (64)
[2018.10.16-03.35.07:920][425]LogModuleManager: Shutting down and abandoning module HTTP (61)
[2018.10.16-03.35.07:920][425]LogHttp: Display: Http module shutting down, but needs to wait on 1 outstanding Http requests:
[2018.10.16-03.35.07:920][425]LogHttp: Display: 	verb=[POST] url=[https://datarouter.ol.epicgames.com/datarouter/api/v1/public/data?SessionID=%7B020CE456-4D8D-63E7-D7D0-FBAEC6DFC875%7D&AppID=UEEditor.Rocket.Release&AppVersion=4.20.2-4302132%2B%2B%2BUE4%2BRelease-4.20&UserID=d6a894064c6f1c06c50b899247242b7e%7C4b688a7245dc4c7c90b367aaffc9d70c%7C56d9747e-489d-40c5-b6fb-8f5e62a7f4f7&AppEnvironment=datacollector-binary&UploadType=eteventstream] status=Processing
[2018.10.16-03.35.07:934][425]LogModuleManager: Shutting down and abandoning module SSL (60)
[2018.10.16-03.35.07:936][425]LogModuleManager: Shutting down and abandoning module MagicLeapEmulator (56)
[2018.10.16-03.35.07:936][425]LogModuleManager: Shutting down and abandoning module MagicLeapPrivileges (54)
[2018.10.16-03.35.07:936][425]LogModuleManager: Shutting down and abandoning module MagicLeapIdentity (52)
[2018.10.16-03.35.07:936][425]LogModuleManager: Shutting down and abandoning module MagicLeapHelperVulkan (50)
[2018.10.16-03.35.07:936][425]LogModuleManager: Shutting down and abandoning module MagicLeapHelperOpenGL (48)
[2018.10.16-03.35.07:936][425]LogModuleManager: Shutting down and abandoning module MagicLeapSecureStorage (46)
[2018.10.16-03.35.07:936][425]LogModuleManager: Shutting down and abandoning module MagicLeapGestures (44)
[2018.10.16-03.35.07:936][425]LogModuleManager: Shutting down and abandoning module MagicLeapEyeTracker (42)
[2018.10.16-03.35.07:936][425]LogModuleManager: Shutting down and abandoning module MagicLeapController (40)
[2018.10.16-03.35.07:936][425]LogSlate: Slate User Destroyed.  User Index 0, Is Virtual User: 0
[2018.10.16-03.35.07:936][425]LogModuleManager: Shutting down and abandoning module MagicLeap (38)
[2018.10.16-03.35.07:936][425]LogModuleManager: Shutting down and abandoning module AnimationModifiers (36)
[2018.10.16-03.35.07:937][425]LogModuleManager: Shutting down and abandoning module PropertyEditor (35)
[2018.10.16-03.35.07:937][425]LogModuleManager: Shutting down and abandoning module AudioEditor (32)
[2018.10.16-03.35.07:937][425]LogModuleManager: Shutting down and abandoning module TextureCompressor (30)
[2018.10.16-03.35.07:937][425]LogModuleManager: Shutting down and abandoning module ShaderCore (28)
[2018.10.16-03.35.07:937][425]LogModuleManager: Shutting down and abandoning module Landscape (26)
[2018.10.16-03.35.07:937][425]LogModuleManager: Shutting down and abandoning module SlateRHIRenderer (24)
[2018.10.16-03.35.07:938][425]LogModuleManager: Shutting down and abandoning module OpenGLDrv (22)
[2018.10.16-03.35.07:938][425]LogModuleManager: Shutting down and abandoning module D3D11RHI (20)
[2018.10.16-03.35.07:938][425]LogModuleManager: Shutting down and abandoning module AnimGraphRuntime (18)
[2018.10.16-03.35.07:938][425]LogModuleManager: Shutting down and abandoning module Renderer (16)
[2018.10.16-03.35.07:938][425]LogModuleManager: Shutting down and abandoning module Engine (14)
[2018.10.16-03.35.07:938][425]LogModuleManager: Shutting down and abandoning module CoreUObject (12)
[2018.10.16-03.35.07:938][425]LogModuleManager: Shutting down and abandoning module NetworkFile (10)
[2018.10.16-03.35.07:938][425]LogModuleManager: Shutting down and abandoning module CookedIterativeFile (8)
[2018.10.16-03.35.07:938][425]LogModuleManager: Shutting down and abandoning module StreamingFile (6)
[2018.10.16-03.35.07:938][425]LogModuleManager: Shutting down and abandoning module SandboxFile (4)
[2018.10.16-03.35.07:938][425]LogModuleManager: Shutting down and abandoning module PakFile (2)
[2018.10.16-03.35.07:941][425]LogExit: Exiting.
[2018.10.16-03.35.07:953][425]Log file closed, 10/15/18 21:35:07
