Log file open, 10/11/18 21:00:11
LogWindows: Failed to load 'aqProf.dll' (GetLastError=126)
LogWindows: File 'aqProf.dll' does not exist
LogWindows: Failed to load 'VSPerf140.dll' (GetLastError=126)
LogWindows: File 'VSPerf140.dll' does not exist
LogWindows: Failed to load 'VtuneApi.dll' (GetLastError=126)
LogWindows: File 'VtuneApi.dll' does not exist
LogWindows: Failed to load 'VtuneApi32e.dll' (GetLastError=126)
LogWindows: File 'VtuneApi32e.dll' does not exist
LogInit: Display: Running engine for game: APOCA2_Evan_Parry
LogPlatformFile: Not using cached read wrapper
LogTaskGraph: Started task graph with 5 named threads and 11 total threads with 3 sets of task threads.
LogStats: Stats thread started at 14.500422
LogD3D11RHI: Loaded GFSDK_Aftermath_Lib.x64.dll
LogICUInternationalization: Display: ICU TimeZone Detection - Raw Offset: -7:00, Platform Override: ''
LogConfig: Warning: Failed to saved backup for config[Engine]
LogConfig: Warning: Failed to saved backup for config[Game]
LogConfig: Warning: Failed to saved backup for config[EditorPerProjectUserSettings]
LogConfig: Warning: Failed to saved backup for config[EditorSettings]
LogConfig: Warning: Failed to saved backup for config[EditorKeyBindings]
LogConfig: Warning: Failed to saved backup for config[Scalability]
LogConfig: Warning: Failed to saved backup for config[Hardware]
LogPluginManager: Mounting plugin Paper2D
LogPluginManager: Mounting plugin AISupport
LogPluginManager: Mounting plugin LightPropagationVolume
LogPluginManager: Mounting plugin CLionSourceCodeAccess
LogPluginManager: Mounting plugin CodeLiteSourceCodeAccess
LogPluginManager: Mounting plugin GitSourceControl
LogPluginManager: Mounting plugin KDevelopSourceCodeAccess
LogPluginManager: Mounting plugin NullSourceCodeAccess
LogPluginManager: Mounting plugin PerforceSourceControl
LogPluginManager: Mounting plugin SubversionSourceControl
LogPluginManager: Mounting plugin UObjectPlugin
LogPluginManager: Mounting plugin VisualStudioCodeSourceCodeAccess
LogPluginManager: Mounting plugin VisualStudioSourceCodeAccess
LogPluginManager: Mounting plugin XCodeSourceCodeAccess
LogPluginManager: Mounting plugin AssetManagerEditor
LogPluginManager: Mounting plugin CryptoKeys
LogPluginManager: Mounting plugin DataValidation
LogPluginManager: Mounting plugin FacialAnimation
LogPluginManager: Mounting plugin GameplayTagsEditor
LogPluginManager: Mounting plugin MacGraphicsSwitching
LogPluginManager: Mounting plugin MeshEditor
LogPluginManager: Mounting plugin MobileLauncherProfileWizard
LogPluginManager: Mounting plugin PluginBrowser
LogPluginManager: Mounting plugin SpeedTreeImporter
LogPluginManager: Mounting plugin DatasmithContent
LogPluginManager: Mounting plugin AlembicImporter
LogPluginManager: Mounting plugin AppleImageUtils
LogPluginManager: Mounting plugin AppleVision
LogPluginManager: Mounting plugin BackChannel
LogPluginManager: Mounting plugin CharacterAI
LogPluginManager: Mounting plugin GeometryCache
LogPluginManager: Mounting plugin HTML5Networking
LogPluginManager: Mounting plugin ProxyLODPlugin
LogPluginManager: Mounting plugin MagicLeap
LogPluginManager: Mounting plugin MagicLeapEmulator
LogPluginManager: Mounting plugin MagicLeapMedia
LogPluginManager: Mounting plugin AndroidMedia
LogPluginManager: Mounting plugin AvfMedia
LogPluginManager: Mounting plugin ImgMedia
LogPluginManager: Mounting plugin LinearTimecode
LogPluginManager: Mounting plugin MediaCompositing
LogPluginManager: Mounting plugin MediaPlayerEditor
LogPluginManager: Mounting plugin WmfMedia
LogPluginManager: Mounting plugin TcpMessaging
LogPluginManager: Mounting plugin UdpMessaging
LogPluginManager: Mounting plugin ActorSequence
LogPluginManager: Mounting plugin LevelSequenceEditor
LogPluginManager: Mounting plugin MatineeToLevelSequence
LogPluginManager: Mounting plugin NetcodeUnitTest
LogPluginManager: Mounting plugin NUTUnrealEngine4
LogPluginManager: Mounting plugin OnlineSubsystemGooglePlay
LogPluginManager: Mounting plugin OnlineSubsystemIOS
LogPluginManager: Mounting plugin OnlineSubsystem
LogPluginManager: Mounting plugin OnlineSubsystemNull
LogPluginManager: Mounting plugin OnlineSubsystemUtils
LogPluginManager: Mounting plugin LauncherChunkInstaller
LogPluginManager: Mounting plugin AndroidDeviceProfileSelector
LogPluginManager: Mounting plugin AndroidMoviePlayer
LogPluginManager: Mounting plugin AndroidPermission
LogPluginManager: Mounting plugin AppleMoviePlayer
LogPluginManager: Mounting plugin ArchVisCharacter
LogPluginManager: Mounting plugin AudioCapture
LogPluginManager: Mounting plugin CableComponent
LogPluginManager: Mounting plugin CustomMeshComponent
LogPluginManager: Mounting plugin EditableMesh
LogConfig: Warning: Failed to saved backup for config[EditableMesh]
LogPluginManager: Mounting plugin ExampleDeviceProfileSelector
LogPluginManager: Mounting plugin GoogleCloudMessaging
LogConfig: Warning: Failed to saved backup for config[GoogleCloudMessaging]
LogPluginManager: Mounting plugin ImmediatePhysics
LogPluginManager: Mounting plugin IOSDeviceProfileSelector
LogPluginManager: Mounting plugin LinuxDeviceProfileSelector
LogPluginManager: Mounting plugin LocationServicesBPLibrary
LogPluginManager: Mounting plugin MobilePatchingUtils
LogPluginManager: Mounting plugin OculusVR
LogPluginManager: Plugin shader directory ../../../Engine/Plugins/Runtime/Oculus/OculusVR/Shaders found
LogPluginManager: Mapping shader source directory ../../../Engine/Plugins/Runtime/Oculus/OculusVR/Shaders to virtual directory /Plugin/OculusVR
LogConfig: Warning: Failed to saved backup for config[OculusVR]
LogPluginManager: Mounting plugin PhysXVehicles
LogConfig: Warning: Failed to saved backup for config[PhysXVehicles]
LogPluginManager: Mounting plugin ProceduralMeshComponent
LogPluginManager: Mounting plugin RuntimePhysXCooking
LogPluginManager: Mounting plugin SteamVR
LogPluginManager: Mounting plugin WindowsMoviePlayer
LogStreaming: Display: Took  0.213s to configure plugins.
LogInit: Using libcurl 7.55.1-DEV
LogInit:  - built for x86_64-pc-win32
LogInit:  - supports SSL with OpenSSL/1.0.2h
LogInit:  - supports HTTP deflate (compression) using libz 1.2.8
LogInit:  - other features:
LogInit:      CURL_VERSION_SSL
LogInit:      CURL_VERSION_LIBZ
LogInit:      CURL_VERSION_IPV6
LogInit:      CURL_VERSION_ASYNCHDNS
LogInit:      CURL_VERSION_LARGEFILE
LogInit:      CURL_VERSION_IDN
LogInit:  CurlRequestOptions (configurable via config and command line):
LogInit:  - bVerifyPeer = false  - Libcurl will NOT verify peer certificate
LogInit:  - bUseHttpProxy = false  - Libcurl will NOT use HTTP proxy
LogInit:  - bDontReuseConnections = false  - Libcurl will reuse connections
LogInit:  - CertBundlePath = nullptr  - Libcurl will use whatever was configured at build time.
LogInit:  - MaxHostConnections = 16  - Libcurl will limit the number of connections to a host
LogInit:  - LocalHostAddr = Default
LogInit:  - BufferSize = 65536
LogInit: WinSock: version 1.1 (2.2), MaxSocks=32767, MaxUdp=65467
LogInit: Build: ++UE4+Release-4.20-CL-4302132
LogInit: Engine Version: 4.20.2-4302132+++UE4+Release-4.20
LogInit: Compatible Engine Version: 4.20.0-4212847+++UE4+Release-4.20
LogInit: Net CL: 4212847
LogInit: OS: Windows 10 (), CPU: Intel(R) Core(TM) i3-6100 CPU @ 3.70GHz, GPU: NVIDIA GeForce GTX 1050 Ti
LogInit: Compiled (64-bit): Aug 21 2018 02:06:06
LogInit: Compiled with Visual C++: 19.13.26129.00
LogInit: Build Configuration: Development
LogInit: Branch Name: ++UE4+Release-4.20
LogInit: Command Line:  
LogInit: Base Directory: C:/Program Files/Epic Games/UE_4.20/Engine/Binaries/Win64/
LogInit: Installed Engine Build: 1
LogDevObjectVersion: Number of dev versions registered: 20
LogDevObjectVersion:   Dev-Blueprints (B0D832E4-1F89-4F0D-ACCF-7EB736FD4AA2): 10
LogDevObjectVersion:   Dev-Build (E1C64328-A22C-4D53-A36C-8E866417BD8C): 0
LogDevObjectVersion:   Dev-Core (375EC13C-06E4-48FB-B500-84F0262A717E): 2
LogDevObjectVersion:   Dev-Editor (E4B068ED-F494-42E9-A231-DA0B2E46BB41): 24
LogDevObjectVersion:   Dev-Framework (CFFC743F-43B0-4480-9391-14DF171D2073): 34
LogDevObjectVersion:   Dev-Mobile (B02B49B5-BB20-44E9-A304-32B752E40360): 2
LogDevObjectVersion:   Dev-Networking (A4E4105C-59A1-49B5-A7C5-40C4547EDFEE): 0
LogDevObjectVersion:   Dev-Online (39C831C9-5AE6-47DC-9A44-9C173E1C8E7C): 0
LogDevObjectVersion:   Dev-Physics (78F01B33-EBEA-4F98-B9B4-84EACCB95AA2): 0
LogDevObjectVersion:   Dev-Platform (6631380F-2D4D-43E0-8009-CF276956A95A): 0
LogDevObjectVersion:   Dev-Rendering (12F88B9F-8875-4AFC-A67C-D90C383ABD29): 26
LogDevObjectVersion:   Dev-Sequencer (7B5AE74C-D270-4C10-A958-57980B212A5A): 9
LogDevObjectVersion:   Dev-VR (D7296918-1DD6-4BDD-9DE2-64A83CC13884): 2
LogDevObjectVersion:   Dev-LoadTimes (C2A15278-BFE7-4AFE-6C17-90FF531DF755): 1
LogDevObjectVersion:   Private-Geometry (6EACA3D4-40EC-4CC1-B786-8BED09428FC5): 3
LogDevObjectVersion:   Dev-AnimPhys (29E575DD-E0A3-4627-9D10-D276232CDCEA): 17
LogDevObjectVersion:   Dev-ReflectionCapture (6B266CEC-1EC7-4B8F-A30B-E4D90942FC07): 1
LogDevObjectVersion:   Dev-Automation (0DF73D61-A23F-47EA-B727-89E90C41499A): 1
LogDevObjectVersion:   FortniteMain (601D1886-AC64-4F84-AA16-D3DE0DEAC7D6): 12
LogDevObjectVersion:   Dev-Enterprise (9DFFBCD6-494F-0158-E221-12823C92A888): 1
LogStreaming: Display: Took  0.001s to delete old logs.
LogInit: Presizing for max 8388607 objects, including 0 objects not considered by GC, pre-allocating 0 bytes for permanent pool.
LogInit: Object subsystem initialized
[2018.10.12-03.00.17:152][  0]LogInit: Selected Device Profile: [Windows]
[2018.10.12-03.00.17:152][  0]LogInit: Applying CVar settings loaded from the selected device profile: [Windows]
[2018.10.12-03.00.17:176][  0]LogConfig: Warning: Failed to saved backup for config[DeviceProfiles]
[2018.10.12-03.00.17:195][  0]LogHAL: Display: Platform has ~ 8 GB [8543297536 / 8589934592 / 8], which maps to Default [LargestMinGB=32, LargerMinGB=12, DefaultMinGB=8, SmallerMinGB=6, SmallestMinGB=0)
[2018.10.12-03.00.17:204][  0]LogInit: Setting Device Profile CVar: [[r.Vulkan.UseRealUBs:1]]
[2018.10.12-03.00.17:204][  0]LogInit: Going up to parent DeviceProfile []
[2018.10.12-03.00.17:264][  0]LogInit: Computer: DESKTOP-MRGEKD1
[2018.10.12-03.00.17:264][  0]LogInit: User: Evan
[2018.10.12-03.00.17:264][  0]LogInit: CPU Page size=4096, Cores=2
[2018.10.12-03.00.17:264][  0]LogInit: High frequency timer resolution =3.609372 MHz
[2018.10.12-03.00.17:264][  0]LogMemory: Memory total: Physical=8.0GB (8GB approx)
[2018.10.12-03.00.17:264][  0]LogMemory: Platform Memory Stats for Windows
[2018.10.12-03.00.17:264][  0]LogMemory: Process Physical Memory: 98.46 MB used, 98.46 MB peak
[2018.10.12-03.00.17:264][  0]LogMemory: Process Virtual Memory: 82.07 MB used, 82.07 MB peak
[2018.10.12-03.00.17:264][  0]LogMemory: Physical Memory: 4723.38 MB used,  3424.15 MB free, 8147.52 MB total
[2018.10.12-03.00.17:264][  0]LogMemory: Virtual Memory: 4609.39 MB used,  3424.15 MB free, 134217728.00 MB total
[2018.10.12-03.00.19:996][  0]LogInit: Using OS detected language (en-US).
[2018.10.12-03.00.19:996][  0]LogInit: Using OS detected locale (en-US).
[2018.10.12-03.00.20:029][  0]LogTextLocalizationManager: No specific localization for 'en-US' exists, so the 'en' localization will be used.
[2018.10.12-03.00.21:423][  0]LogStreaming: Display: Took  1.402s to InitEngineTextLocalization.
[2018.10.12-03.00.21:430][  0]LogInit: Setting process to per monitor DPI aware
[2018.10.12-03.00.23:917][  0]LogSlate: New Slate User Created.  User Index 0, Is Virtual User: 0
[2018.10.12-03.00.23:917][  0]LogSlate: Slate User Registered.  User Index 0, Is Virtual User: 0
[2018.10.12-03.00.32:451][  0]LogHMD: Failed to initialize OpenVR with code 110
[2018.10.12-03.00.32:451][  0]LogD3D11RHI: D3D11 adapters:
[2018.10.12-03.00.32:629][  0]LogD3D11RHI:    0. 'NVIDIA GeForce GTX 1050 Ti' (Feature Level 11_0)
[2018.10.12-03.00.32:629][  0]LogD3D11RHI:       4018/0/4073 MB DedicatedVideo/DedicatedSystem/SharedSystem, Outputs:1, VendorId:0x10de
[2018.10.12-03.00.32:630][  0]LogD3D11RHI:    1. 'Microsoft Basic Render Driver' (Feature Level 11_0)
[2018.10.12-03.00.32:631][  0]LogD3D11RHI:       0/0/4073 MB DedicatedVideo/DedicatedSystem/SharedSystem, Outputs:0, VendorId:0x1414
[2018.10.12-03.00.32:631][  0]LogD3D11RHI: Chosen D3D11 Adapter: 0
[2018.10.12-03.00.32:639][  0]LogD3D11RHI: Creating new Direct3DDevice
[2018.10.12-03.00.32:639][  0]LogD3D11RHI:     GPU DeviceId: 0x1c82 (for the marketing name, search the web for "GPU Device Id")
[2018.10.12-03.00.32:656][  0]LogWindows: EnumDisplayDevices:
[2018.10.12-03.00.32:656][  0]LogWindows:    0. 'NVIDIA GeForce GTX 1050 Ti' (P:1 D:1)
[2018.10.12-03.00.32:657][  0]LogWindows:    1. 'NVIDIA GeForce GTX 1050 Ti' (P:0 D:0)
[2018.10.12-03.00.32:657][  0]LogWindows:    2. 'NVIDIA GeForce GTX 1050 Ti' (P:0 D:0)
[2018.10.12-03.00.32:657][  0]LogWindows:    3. 'NVIDIA GeForce GTX 1050 Ti' (P:0 D:0)
[2018.10.12-03.00.32:657][  0]LogWindows: DebugString: FoundDriverCount:4 
[2018.10.12-03.00.32:657][  0]LogD3D11RHI:     Adapter Name: NVIDIA GeForce GTX 1050 Ti
[2018.10.12-03.00.32:658][  0]LogD3D11RHI:   Driver Version: 390.77 (internal:23.21.13.9077, unified:390.77)
[2018.10.12-03.00.32:658][  0]LogD3D11RHI:      Driver Date: 1-23-2018
[2018.10.12-03.00.32:658][  0]LogRHI: Texture pool is 2812 MB (70% of 4018 MB)
[2018.10.12-03.00.32:800][  0]LogD3D11RHI: Async texture creation enabled
[2018.10.12-03.00.33:167][  0]LogD3D11RHI: GPU Timing Frequency: 1000.000000 (Debug: 2 4)
[2018.10.12-03.00.33:304][  0]LogShaderCompilers: Guid format shader working directory is -30 characters bigger than the processId version (../../../../../../Users/Evan/Documents/Fall 2018/EAE 3010/APOCA2_Evan_Parry/Intermediate/Shaders/WorkingDirectory/8252/).
[2018.10.12-03.00.33:304][  0]LogShaderCompilers: Cleaned the shader compiler working directory 'C:/Users/Evan/AppData/Local/Temp/UnrealShaderWorkingDir/677BC17D41843B071E142FAA30B28F0D/'.
[2018.10.12-03.00.35:968][  0]LogTemp: Display: Loaded TP AllDesktopTargetPlatform
[2018.10.12-03.00.36:016][  0]LogTemp: Display: Loaded TP MacClientTargetPlatform
[2018.10.12-03.00.36:245][  0]LogTemp: Display: Loaded TP MacNoEditorTargetPlatform
[2018.10.12-03.00.36:319][  0]LogTemp: Display: Loaded TP MacServerTargetPlatform
[2018.10.12-03.00.36:426][  0]LogTemp: Display: Loaded TP MacTargetPlatform
[2018.10.12-03.00.36:499][  0]LogTemp: Display: Loaded TP WindowsClientTargetPlatform
[2018.10.12-03.00.36:549][  0]LogTemp: Display: Loaded TP WindowsNoEditorTargetPlatform
[2018.10.12-03.00.36:594][  0]LogTemp: Display: Loaded TP WindowsServerTargetPlatform
[2018.10.12-03.00.36:655][  0]LogTemp: Display: Loaded TP WindowsTargetPlatform
[2018.10.12-03.00.36:948][  0]LogTemp: Display: Loaded TP AndroidTargetPlatform
[2018.10.12-03.00.36:948][  0]LogTemp: Display: Loaded TP AndroidTargetPlatform
[2018.10.12-03.00.36:948][  0]LogTemp: Display: Loaded TP AndroidTargetPlatform
[2018.10.12-03.00.36:948][  0]LogTemp: Display: Loaded TP AndroidTargetPlatform
[2018.10.12-03.00.36:948][  0]LogTemp: Display: Loaded TP AndroidTargetPlatform
[2018.10.12-03.00.36:948][  0]LogTemp: Display: Loaded TP AndroidTargetPlatform
[2018.10.12-03.00.36:948][  0]LogTemp: Display: Loaded TP AndroidTargetPlatform
[2018.10.12-03.00.36:948][  0]LogTemp: Display: Loaded TP AndroidTargetPlatform
[2018.10.12-03.00.36:948][  0]LogTemp: Display: Loaded TP AndroidTargetPlatform
[2018.10.12-03.00.36:948][  0]LogTemp: Display: Loaded TP AndroidTargetPlatform
[2018.10.12-03.00.36:948][  0]LogTemp: Display: Loaded TP AndroidTargetPlatform
[2018.10.12-03.00.36:948][  0]LogTemp: Display: Loaded TP AndroidTargetPlatform
[2018.10.12-03.00.36:948][  0]LogTemp: Display: Loaded TP AndroidTargetPlatform
[2018.10.12-03.00.36:948][  0]LogTemp: Display: Loaded TP AndroidTargetPlatform
[2018.10.12-03.00.36:948][  0]LogTemp: Display: Loaded TP AndroidTargetPlatform
[2018.10.12-03.00.36:948][  0]LogTemp: Display: Loaded TP AndroidTargetPlatform
[2018.10.12-03.00.36:948][  0]LogTemp: Display: Loaded TP AndroidTargetPlatform
[2018.10.12-03.00.36:948][  0]LogTemp: Display: Loaded TP AndroidTargetPlatform
[2018.10.12-03.00.37:013][  0]LogTemp: Display: Loaded TP HTML5TargetPlatform
[2018.10.12-03.00.37:714][  0]LogTemp: Display: Loaded TP IOSTargetPlatform
[2018.10.12-03.00.37:714][  0]LogTemp: Display: Loaded TP IOSTargetPlatform
[2018.10.12-03.00.37:849][  0]LogTemp: Display: Loaded TP TVOSTargetPlatform
[2018.10.12-03.00.37:849][  0]LogTemp: Display: Loaded TP TVOSTargetPlatform
[2018.10.12-03.00.37:933][  0]LogTemp: Display: Loaded TP LinuxClientTargetPlatform
[2018.10.12-03.00.37:971][  0]LogTemp: Display: Loaded TP LinuxNoEditorTargetPlatform
[2018.10.12-03.00.38:008][  0]LogTemp: Display: Loaded TP LinuxServerTargetPlatform
[2018.10.12-03.00.38:068][  0]LogTemp: Display: Loaded TP LinuxTargetPlatform
[2018.10.12-03.00.38:101][  0]LogTemp: Display: Loaded TP LuminTargetPlatform
[2018.10.12-03.00.38:101][  0]LogTargetPlatformManager: Display: Building Assets For Windows
[2018.10.12-03.00.41:239][  0]LogXGEController: Cleaning working directory: C:/Users/Evan/AppData/Local/Temp/UnrealXGEWorkingDir/
[2018.10.12-03.00.41:240][  0]LogXGEController: Cannot use XGE Controller as Incredibuild is not installed on this machine.
[2018.10.12-03.00.41:240][  0]LogShaderCompilers: Cannot use XGE Shader Compiler as Incredibuild is not installed on this machine.
[2018.10.12-03.00.41:240][  0]LogShaderCompilers: Display: Using Local Shader Compiler.
[2018.10.12-03.00.47:771][  0]LogDerivedDataCache: Display: Max Cache Size: 512 MB
[2018.10.12-03.00.47:771][  0]LogDerivedDataCache: Display: Starting with empty Boot cache
[2018.10.12-03.00.47:771][  0]LogDerivedDataCache: FDerivedDataBackendGraph:  Pak pak cache file ../../../../../../Users/Evan/Documents/Fall 2018/EAE 3010/APOCA2_Evan_Parry/DerivedDataCache/DDC.ddp not found, will not use a pak cache.
[2018.10.12-03.00.47:771][  0]LogDerivedDataCache: Unable to find inner node Pak for hierarchical cache Hierarchy.
[2018.10.12-03.00.47:771][  0]LogDerivedDataCache: FDerivedDataBackendGraph:  CompressedPak pak cache file ../../../../../../Users/Evan/Documents/Fall 2018/EAE 3010/APOCA2_Evan_Parry/DerivedDataCache/Compressed.ddp not found, will not use a pak cache.
[2018.10.12-03.00.47:771][  0]LogDerivedDataCache: Unable to find inner node CompressedPak for hierarchical cache Hierarchy.
[2018.10.12-03.00.47:981][  0]LogDerivedDataCache: Display: Pak cache opened for reading ../../../Engine/DerivedDataCache/Compressed.ddp.
[2018.10.12-03.00.48:023][  0]LogDerivedDataCache: Using Local data cache path C:/Users/Evan/AppData/Local/UnrealEngine/Common/DerivedDataCache: Writable
[2018.10.12-03.00.48:023][  0]LogDerivedDataCache: Shared data cache path not found in *engine.ini, will not use an Shared cache.
[2018.10.12-03.00.48:023][  0]LogDerivedDataCache: Unable to find inner node Shared for hierarchical cache Hierarchy.
[2018.10.12-03.00.48:237][  0]LogMaterial: Verifying Global Shaders for PCD3D_SM5
[2018.10.12-03.00.48:333][  0]LogSlate: Using FreeType 2.6.0
[2018.10.12-03.00.48:564][  0]LogSlate: SlateFontServices - WITH_FREETYPE: 1, WITH_HARFBUZZ: 1
[2018.10.12-03.00.50:644][  0]LogAssetRegistry: FAssetRegistry took 0.0425 seconds to start up
[2018.10.12-03.01.10:806][  0]LogInit: Selected Device Profile: [Windows]
[2018.10.12-03.01.24:080][  0]LogSimplygon: Simplygon DLL not present - disabling.
[2018.10.12-03.01.25:787][  0]LogMeshReduction: Using SimplygonSwarm for distributed automatic mesh merging
[2018.10.12-03.01.25:830][  0]LogMeshReduction: Using ProxyLODMeshReduction for automatic mesh merging
[2018.10.12-03.01.25:876][  0]LogMeshReduction: Using QuadricMeshReduction for automatic static mesh reduction
[2018.10.12-03.01.25:876][  0]LogMeshReduction: No automatic skeletal mesh reduction module available
[2018.10.12-03.01.30:023][  0]LogDerivedDataCache: FFileSystemDerivedDataBackend: Move collision, attempt at redundant update, OK C:/Users/Evan/AppData/Local/UnrealEngine/Common/DerivedDataCache/6/4/5/MESHDATAKEY_STATICMESH_42190ADE250046AC958045C7DA930FECA3E9E442F5784050BCAF878E4E80EE44_A7C2287F1398D2B4DF725006BFDD5FB9.udd.
[2018.10.12-03.01.30:023][  0]LogNetVersion: APOCA2_Evan_Parry 1.0.0, NetCL: 4212847, EngineNetVer: 5, GameNetVer: 0 (Checksum: 151202482)
[2018.10.12-03.02.09:386][  0]LogDerivedDataCache: FFileSystemDerivedDataBackend: Move collision, attempt at redundant update, OK C:/Users/Evan/AppData/Local/UnrealEngine/Common/DerivedDataCache/4/5/2/MESHDATAKEY_STATICMESH_42190ADE250046AC958045C7DA930FECA3E9E442F5784050BCAF878E4E80EE44_353103AD67DEC9491804D317650AE223.udd.
[2018.10.12-03.02.09:386][  0]LogDerivedDataCache: FFileSystemDerivedDataBackend: Move collision, attempt at redundant update, OK C:/Users/Evan/AppData/Local/UnrealEngine/Common/DerivedDataCache/5/1/4/MESHDATAKEY_STATICMESH_42190ADE250046AC958045C7DA930FECA3E9E442F5784050BCAF878E4E80EE44_FBF1923B127E273C89FDEC31586D3D51.udd.
[2018.10.12-03.02.09:386][  0]LogDerivedDataCache: FFileSystemDerivedDataBackend: Move collision, attempt at redundant update, OK C:/Users/Evan/AppData/Local/UnrealEngine/Common/DerivedDataCache/2/6/2/MESHDATAKEY_STATICMESH_42190ADE250046AC958045C7DA930FECA3E9E442F5784050BCAF878E4E80EE44_05EC24BA2761B7A162C0723B7A6CA599.udd.
[2018.10.12-03.02.09:386][  0]LogAssetRegistry: Error: Failed to open file for write ../../../../../../Users/Evan/Documents/Fall 2018/EAE 3010/APOCA2_Evan_Parry/Intermediate/AssetRegistryCache/5a627529.bin
[2018.10.12-03.02.09:758][  0]LogPackageLocalizationCache: Processed 11 localized package path(s) for 2 prioritized culture(s) in 0.426745 seconds
[2018.10.12-03.02.09:920][  0]LogUObjectArray: 38447 objects as part of root set at end of initial load.
[2018.10.12-03.02.09:920][  0]LogUObjectAllocator: 6692632 out of 0 bytes used by permanent object pool.
[2018.10.12-03.02.09:953][  0]LogUObjectArray: CloseDisregardForGC: 0/0 objects in disregard for GC pool
[2018.10.12-03.02.55:647][  0]LogAssetRegistry: Error: Failed to open file for write ../../../../../../Users/Evan/Documents/Fall 2018/EAE 3010/APOCA2_Evan_Parry/Intermediate/CachedAssetRegistry.bin
[2018.10.12-03.03.01:092][  0]LogTcpMessaging: Initializing TcpMessaging bridge
[2018.10.12-03.03.01:472][  0]LogUdpMessaging: Initializing bridge on interface 0.0.0.0:0 to multicast group 230.0.0.1:6666.
[2018.10.12-03.03.12:017][  0]SourceControl: Source control is disabled
[2018.10.12-03.03.12:038][  0]SourceControl: Source control is disabled
[2018.10.12-03.03.12:154][  0]SourceControl: Source control is disabled
[2018.10.12-03.03.12:186][  0]SourceControl: Source control is disabled
[2018.10.12-03.03.19:452][  0]LogAndroidPermission: UAndroidPermissionCallbackProxy::GetInstance
[2018.10.12-03.03.20:443][  0]LogOcInput: OculusInput pre-init called
[2018.10.12-03.03.22:172][  0]LogEngine: Initializing Engine...
[2018.10.12-03.03.22:265][  0]LogHMD: Failed to initialize OpenVR with code 110
[2018.10.12-03.03.22:322][  0]LogStats: UGameplayTagsManager::ConstructGameplayTagTree: ImportINI prefixes -  0.000 s
[2018.10.12-03.03.22:322][  0]LogStats: UGameplayTagsManager::ConstructGameplayTagTree: Construct from data asset -  0.000 s
[2018.10.12-03.03.22:323][  0]LogStats: UGameplayTagsManager::ConstructGameplayTagTree: ImportINI -  0.001 s
[2018.10.12-03.03.22:323][  0]LogStats: UGameplayTagsManager::ConstructGameplayTagTree: GameplayTagTreeChangedEvent.Broadcast -  0.000 s
[2018.10.12-03.03.23:447][  0]LogInit: Initializing FReadOnlyCVARCache
[2018.10.12-03.03.24:910][  0]LogAIModule: Creating AISystem for world Untitled
[2018.10.12-03.03.26:372][  0]LogInit: XAudio2 using 'Speakers (High Definition Audio Device)' : 2 channels at 48 kHz using 16 bits per sample (channel mask 0x3)
[2018.10.12-03.03.27:713][  0]LogInit: FAudioDevice initialized.
[2018.10.12-03.03.27:727][  0]LogNetVersion: Set ProjectVersion to 1.0.0.0. Version Checksum will be recalculated on next use.
[2018.10.12-03.03.28:072][  0]LogDerivedDataCache: Saved boot cache 0.35s 87MB C:/Users/Evan/AppData/Local/UnrealEngine/4.20/DerivedDataCache/Boot.ddc.
[2018.10.12-03.03.28:101][  0]LogInit: Texture streaming: Enabled
[2018.10.12-03.03.29:636][  0]LogEngineSessionManager: EngineSessionManager initialized
[2018.10.12-03.03.32:325][  0]LogInit: Transaction tracking system initialized
[2018.10.12-03.03.38:090][  0]BlueprintLog: New page: Editor Load
[2018.10.12-03.03.48:007][  0]LocalizationService: Localization service is disabled
[2018.10.12-03.04.02:890][  0]LogFileCache: Scanning file cache for directory 'C:/Users/Evan/Documents/Fall 2018/EAE 3010/APOCA2_Evan_Parry/Content/' took 0.09s
[2018.10.12-03.04.02:891][  0]LogCook: Display: Max memory allowance for cook 16384mb min free memory 0mb
[2018.10.12-03.04.02:914][  0]LogCook: Display: Mobile HDR setting 1
[2018.10.12-03.04.03:221][  0]LogGameplayTags: Display: UGameplayTagsManager::DoneAddingNativeTags. DelegateIsBound: 0
[2018.10.12-03.04.03:231][  0]LogStats: UGameplayTagsManager::ConstructGameplayTagTree: ImportINI prefixes -  0.000 s
[2018.10.12-03.04.03:231][  0]LogStats: UGameplayTagsManager::ConstructGameplayTagTree: Construct from data asset -  0.000 s
[2018.10.12-03.04.03:231][  0]LogStats: UGameplayTagsManager::ConstructGameplayTagTree: ImportINI -  0.000 s
[2018.10.12-03.04.03:232][  0]LogStats: UGameplayTagsManager::ConstructGameplayTagTree: GameplayTagTreeChangedEvent.Broadcast -  0.000 s
[2018.10.12-03.04.19:441][  0]SourceControl: Source control is disabled
[2018.10.12-03.04.19:629][  0]Cmd: MAP LOAD FILE="../../../Engine/Content/Maps/Templates/Template_Default.umap" TEMPLATE=1 SHOWPROGRESS=1 FEATURELEVEL=3
[2018.10.12-03.04.19:848][  0]LightingResults: New page: Lighting Build
[2018.10.12-03.04.21:621][  0]MapCheck: New page: Map Check
[2018.10.12-03.04.21:621][  0]LightingResults: New page: Lighting Build
[2018.10.12-03.04.35:077][  0]LogAIModule: Creating AISystem for world Untitled_1
[2018.10.12-03.04.39:976][  0]LogEditorServer: Finished looking for orphan Actors (0.043 secs)
[2018.10.12-03.04.41:414][  0]Cmd: MAP CHECKDEP NOCLEARLOG
[2018.10.12-03.04.41:655][  0]MapCheck: Map check complete: 0 Error(s), 0 Warning(s), took 240.714ms to complete.
[2018.10.12-03.04.41:696][  0]LogFileHelpers: Loading map 'Template_Default' took 22.168
[2018.10.12-03.04.48:763][  0]LogSlate: Updating window title bar state: overlay mode, drag disabled, window buttons hidden, title bar hidden
[2018.10.12-03.04.48:975][  0]LogSlate: Updating window title bar state: overlay mode, drag disabled, window buttons hidden, title bar hidden
[2018.10.12-03.04.48:986][  0]LogSlate: Updating window title bar state: overlay mode, drag disabled, window buttons hidden, title bar hidden
[2018.10.12-03.04.48:995][  0]LogSlate: Updating window title bar state: overlay mode, drag disabled, window buttons hidden, title bar hidden
[2018.10.12-03.04.50:584][  0]LogCollectionManager: Loaded 0 collections in 0.002841 seconds
[2018.10.12-03.04.51:907][  0]LogFileCache: Scanning file cache for directory 'C:/Users/Evan/Documents/Fall 2018/EAE 3010/APOCA2_Evan_Parry/Saved/Collections/' took 0.01s
[2018.10.12-03.04.51:907][  0]LogFileCache: Scanning file cache for directory 'C:/Users/Evan/Documents/Fall 2018/EAE 3010/APOCA2_Evan_Parry/Content/Developers/Evan/Collections/' took 0.01s
[2018.10.12-03.04.51:907][  0]LogFileCache: Scanning file cache for directory 'C:/Users/Evan/Documents/Fall 2018/EAE 3010/APOCA2_Evan_Parry/Content/Collections/' took 0.01s
[2018.10.12-03.04.51:907][  0]LogCollectionManager: Rebuilt the GUID cache for 0 collections in 0.000001 seconds
[2018.10.12-03.04.52:014][  0]LogContentBrowser: Native class hierarchy populated in 0.0107 seconds. Added 2572 classes and 603 folders.
[2018.10.12-03.04.53:024][  0]LogContentBrowser: Native class hierarchy updated for 'WidgetCarousel' in 0.0004 seconds. Added 0 classes and 0 folders.
[2018.10.12-03.05.04:941][  0]LogContentBrowser: Native class hierarchy updated for 'AddContentDialog' in 0.0003 seconds. Added 0 classes and 0 folders.
[2018.10.12-03.05.05:038][  0]LogContentBrowser: Native class hierarchy updated for 'SceneOutliner' in 0.0003 seconds. Added 1 classes and 2 folders.
[2018.10.12-03.05.09:743][  0]LogSlate: Took 0.153730 seconds to synchronously load lazily loaded font '../../../Engine/Content/Slate/Fonts/Roboto-Regular.ttf' (155K)
[2018.10.12-03.05.10:275][  0]LogSlate: Took 0.159823 seconds to synchronously load lazily loaded font '../../../Engine/Content/Slate/Fonts/Roboto-Bold.ttf' (160K)
[2018.10.12-03.05.11:017][  0]LogSlate: Took 0.025288 seconds to synchronously load lazily loaded font '../../../Engine/Content/Editor/Slate/Fonts/FontAwesome.ttf' (139K)
[2018.10.12-03.05.15:959][  0]LogRenderer: Reallocating scene render targets to support 804x540 Format 10 NumSamples 1 (Frame:1).
[2018.10.12-03.05.28:867][  0]LogSlate: FSceneViewport::OnFocusLost() reason 2
[2018.10.12-03.05.29:447][  0]LogSlate: Window 'Tutorials' being destroyed
[2018.10.12-03.05.29:995][  0]LogContentBrowser: Native class hierarchy updated for 'HierarchicalLODOutliner' in 0.0004 seconds. Added 0 classes and 0 folders.
[2018.10.12-03.05.29:995][  0]LogLoad: (Engine Initialization) Total time: 358.91 seconds
[2018.10.12-03.05.29:995][  0]LogLoad: (Engine Initialization) Total Blueprint compile time: 0.00 seconds
[2018.10.12-03.05.33:863][  0]LogContentStreaming: Texture pool size now 1000 MB
[2018.10.12-03.05.37:349][  1]LogSlate: Took 0.150239 seconds to synchronously load lazily loaded font '../../../Engine/Content/Slate/Fonts/Roboto-Light.ttf' (167K)
[2018.10.12-03.05.39:226][  6]LogAssetRegistry: Asset discovery search completed in 288.6001 seconds
[2018.10.12-03.05.39:428][  6]LogCollectionManager: Rebuilt the object cache for 0 collections in 0.000000 seconds (found 0 objects)
[2018.10.12-03.05.39:428][  6]LogCollectionManager: Fixed up redirectors for 0 collections in 0.102123 seconds (updated 0 objects)
[2018.10.12-03.13.35:083][424]LogSlate: Window 'APOCA2_Evan_Parry - Unreal Editor' being destroyed
[2018.10.12-03.13.35:085][424]LogWindowsTextInputMethodSystem: Display: IME system now deactivated.
[2018.10.12-03.13.36:048][425]Cmd: QUIT_EDITOR
[2018.10.12-03.13.36:828][425]LogExit: Preparing to exit.
[2018.10.12-03.13.39:223][425]LogExit: Editor shut down
[2018.10.12-03.13.39:226][425]LogExit: Transaction tracking system shut down
[2018.10.12-03.13.42:350][425]LogExit: Object subsystem successfully closed.
[2018.10.12-03.13.42:556][425]LogShaderCompilers: Display: Shaders left to compile 0
[2018.10.12-03.13.42:603][425]LogD3D11RHI: Shutdown
[2018.10.12-03.13.42:603][425]LogD3D11RHI: CleanupD3DDevice
[2018.10.12-03.13.42:706][425]LogD3D11RHI: ~FD3D11DynamicRHI
[2018.10.12-03.13.44:599][425]LogModuleManager: Shutting down and abandoning module HierarchicalLODOutliner (612)
[2018.10.12-03.13.44:599][425]LogModuleManager: Shutting down and abandoning module SceneOutliner (610)
[2018.10.12-03.13.44:611][425]LogModuleManager: Shutting down and abandoning module AddContentDialog (608)
[2018.10.12-03.13.44:635][425]LogModuleManager: Shutting down and abandoning module WidgetCarousel (607)
[2018.10.12-03.13.44:635][425]LogModuleManager: Shutting down and abandoning module EditorWidgets (604)
[2018.10.12-03.13.44:635][425]LogModuleManager: Shutting down and abandoning module CollectionManager (602)
[2018.10.12-03.13.44:661][425]LogModuleManager: Shutting down and abandoning module HierarchicalLODUtilities (600)
[2018.10.12-03.13.44:673][425]LogModuleManager: Shutting down and abandoning module StatsViewer (598)
[2018.10.12-03.13.44:684][425]LogModuleManager: Shutting down and abandoning module FoliageEdit (596)
[2018.10.12-03.13.44:694][425]LogModuleManager: Shutting down and abandoning module LandscapeEditor (594)
[2018.10.12-03.13.44:737][425]LogModuleManager: Shutting down and abandoning module MeshPaintMode (592)
[2018.10.12-03.13.44:753][425]LogModuleManager: Shutting down and abandoning module SceneDepthPickerMode (590)
[2018.10.12-03.13.44:753][425]LogModuleManager: Shutting down and abandoning module ActorPickerMode (588)
[2018.10.12-03.13.44:753][425]LogModuleManager: Shutting down and abandoning module GeometryMode (586)
[2018.10.12-03.13.44:753][425]LogModuleManager: Shutting down and abandoning module TextureAlignMode (584)
[2018.10.12-03.13.44:753][425]LogModuleManager: Shutting down and abandoning module BspMode (582)
[2018.10.12-03.13.44:753][425]LogModuleManager: Shutting down and abandoning module PIEPreviewDeviceProfileSelector (580)
[2018.10.12-03.13.44:775][425]LogModuleManager: Shutting down and abandoning module SequenceRecorderSections (578)
[2018.10.12-03.13.44:809][425]LogModuleManager: Shutting down and abandoning module AutomationWorker (576)
[2018.10.12-03.13.44:809][425]LogModuleManager: Shutting down and abandoning module AudioCaptureEditor (574)
[2018.10.12-03.13.44:809][425]LogModuleManager: Shutting down and abandoning module SequenceRecorder (573)
[2018.10.12-03.13.44:834][425]LogModuleManager: Shutting down and abandoning module MatineeToLevelSequence (570)
[2018.10.12-03.13.44:956][425]LogModuleManager: Shutting down and abandoning module LevelSequenceEditor (568)
[2018.10.12-03.13.44:973][425]LogModuleManager: Shutting down and abandoning module PlacementMode (567)
[2018.10.12-03.13.44:973][425]LogModuleManager: Shutting down and abandoning module MaterialEditor (566)
[2018.10.12-03.13.45:033][425]LogModuleManager: Shutting down and abandoning module WmfMediaFactory (562)
[2018.10.12-03.13.45:033][425]LogModuleManager: Shutting down and abandoning module WmfMediaEditor (560)
[2018.10.12-03.13.45:034][425]LogModuleManager: Shutting down and abandoning module MediaPlayerEditor (558)
[2018.10.12-03.13.45:058][425]LogModuleManager: Shutting down and abandoning module OpenExrWrapper (556)
[2018.10.12-03.13.45:058][425]LogModuleManager: Shutting down and abandoning module ImgMediaFactory (554)
[2018.10.12-03.13.45:058][425]LogModuleManager: Shutting down and abandoning module ImgMediaEditor (552)
[2018.10.12-03.13.45:058][425]LogModuleManager: Shutting down and abandoning module AvfMediaFactory (550)
[2018.10.12-03.13.45:058][425]LogModuleManager: Shutting down and abandoning module AvfMediaEditor (548)
[2018.10.12-03.13.45:058][425]LogModuleManager: Shutting down and abandoning module AndroidMediaFactory (546)
[2018.10.12-03.13.45:058][425]LogModuleManager: Shutting down and abandoning module AndroidMediaEditor (544)
[2018.10.12-03.13.45:058][425]LogModuleManager: Shutting down and abandoning module MagicLeapCameraPreviewFactory (542)
[2018.10.12-03.13.45:058][425]LogModuleManager: Shutting down and abandoning module MagicLeapMediaFactory (540)
[2018.10.12-03.13.45:058][425]LogModuleManager: Shutting down and abandoning module MagicLeapMediaEditor (538)
[2018.10.12-03.13.45:059][425]LogModuleManager: Shutting down and abandoning module CharacterAI (536)
[2018.10.12-03.13.45:059][425]LogModuleManager: Shutting down and abandoning module SmartSnapping (534)
[2018.10.12-03.13.45:059][425]LogModuleManager: Shutting down and abandoning module SessionServices (532)
[2018.10.12-03.13.45:059][425]LogModuleManager: Shutting down and abandoning module ViewportSnapping (530)
[2018.10.12-03.13.45:059][425]LogModuleManager: Shutting down and abandoning module ViewportInteraction (528)
[2018.10.12-03.13.45:059][425]LogModuleManager: Shutting down and abandoning module ClothPainter (526)
[2018.10.12-03.13.45:096][425]LogModuleManager: Shutting down and abandoning module SkeletalMeshEditor (525)
[2018.10.12-03.13.45:163][425]LogModuleManager: Shutting down and abandoning module LogVisualizer (522)
[2018.10.12-03.13.45:215][425]LogModuleManager: Shutting down and abandoning module IntroTutorials (520)
[2018.10.12-03.13.45:233][425]LogModuleManager: Shutting down and abandoning module GameProjectGeneration (519)
[2018.10.12-03.13.45:273][425]LogModuleManager: Shutting down and abandoning module LuminPlatformEditor (516)
[2018.10.12-03.13.45:273][425]LogModuleManager: Shutting down and abandoning module IOSPlatformEditor (514)
[2018.10.12-03.13.45:303][425]LogModuleManager: Shutting down and abandoning module HTML5PlatformEditor (512)
[2018.10.12-03.13.45:303][425]LogModuleManager: Shutting down and abandoning module AndroidPlatformEditor (510)
[2018.10.12-03.13.45:303][425]LogModuleManager: Shutting down and abandoning module AndroidDeviceDetection (509)
[2018.10.12-03.13.46:432][425]LogModuleManager: Shutting down and abandoning module WindowsPlatformEditor (506)
[2018.10.12-03.13.46:432][425]LogModuleManager: Shutting down and abandoning module LuminRuntimeSettings (504)
[2018.10.12-03.13.46:432][425]LogModuleManager: Shutting down and abandoning module IOSRuntimeSettings (502)
[2018.10.12-03.13.46:432][425]LogModuleManager: Shutting down and abandoning module AndroidRuntimeSettings (500)
[2018.10.12-03.13.46:432][425]LogModuleManager: Shutting down and abandoning module InputBindingEditor (498)
[2018.10.12-03.13.46:473][425]LogModuleManager: Shutting down and abandoning module MergeActors (496)
[2018.10.12-03.13.46:480][425]LogModuleManager: Shutting down and abandoning module LocalizationDashboard (494)
[2018.10.12-03.13.46:505][425]LogModuleManager: Shutting down and abandoning module LocalizationService (493)
[2018.10.12-03.13.46:515][425]LogModuleManager: Shutting down and abandoning module HardwareTargeting (490)
[2018.10.12-03.13.46:515][425]LogModuleManager: Shutting down and abandoning module DeviceProfileEditor (488)
[2018.10.12-03.13.46:515][425]LogModuleManager: Shutting down and abandoning module UndoHistory (486)
[2018.10.12-03.13.46:522][425]LogModuleManager: Shutting down and abandoning module XmlParser (484)
[2018.10.12-03.13.46:522][425]LogModuleManager: Shutting down and abandoning module Blutility (482)
[2018.10.12-03.13.46:540][425]LogModuleManager: Shutting down and abandoning module ProjectSettingsViewer (480)
[2018.10.12-03.13.46:540][425]LogModuleManager: Shutting down and abandoning module ProjectTargetPlatformEditor (479)
[2018.10.12-03.13.46:540][425]LogModuleManager: Shutting down and abandoning module EditorSettingsViewer (476)
[2018.10.12-03.13.46:540][425]LogModuleManager: Shutting down and abandoning module SettingsEditor (474)
[2018.10.12-03.13.46:611][425]LogModuleManager: Shutting down and abandoning module ProjectLauncher (472)
[2018.10.12-03.13.46:646][425]LogModuleManager: Shutting down and abandoning module SessionFrontend (470)
[2018.10.12-03.13.46:660][425]LogModuleManager: Shutting down and abandoning module ProfilerClient (468)
[2018.10.12-03.13.46:675][425]LogModuleManager: Shutting down and abandoning module DeviceManager (466)
[2018.10.12-03.13.46:688][425]LogModuleManager: Shutting down and abandoning module TargetDeviceServices (465)
[2018.10.12-03.13.46:754][425]LogModuleManager: Shutting down and abandoning module AutomationController (462)
[2018.10.12-03.13.46:768][425]LogModuleManager: Shutting down and abandoning module AutomationWindow (460)
[2018.10.12-03.13.46:790][425]LogModuleManager: Shutting down and abandoning module Layers (458)
[2018.10.12-03.13.46:851][425]LogModuleManager: Shutting down and abandoning module ComponentVisualizers (456)
[2018.10.12-03.13.46:851][425]LogModuleManager: Shutting down and abandoning module DetailCustomizations (454)
[2018.10.12-03.13.46:877][425]LogModuleManager: Shutting down and abandoning module PackagesDialog (452)
[2018.10.12-03.13.46:916][425]LogModuleManager: Shutting down and abandoning module Persona (450)
[2018.10.12-03.13.46:986][425]LogModuleManager: Shutting down and abandoning module AdvancedPreviewScene (449)
[2018.10.12-03.13.46:986][425]LogModuleManager: Shutting down and abandoning module AnimGraph (447)
[2018.10.12-03.13.47:004][425]LogModuleManager: Shutting down and abandoning module Kismet (444)
[2018.10.12-03.13.47:039][425]LogModuleManager: Shutting down and abandoning module GraphEditor (442)
[2018.10.12-03.13.47:126][425]LogModuleManager: Shutting down and abandoning module ClassViewer (440)
[2018.10.12-03.13.47:126][425]LogModuleManager: Shutting down and abandoning module Toolbox (438)
[2018.10.12-03.13.47:126][425]LogModuleManager: Shutting down and abandoning module ModuleUI (436)
[2018.10.12-03.13.47:126][425]LogModuleManager: Shutting down and abandoning module MovieSceneTools (434)
[2018.10.12-03.13.47:150][425]LogModuleManager: Shutting down and abandoning module OutputLog (432)
[2018.10.12-03.13.47:150][425]LogModuleManager: Shutting down and abandoning module GammaUI (430)
[2018.10.12-03.13.47:168][425]LogModuleManager: Shutting down and abandoning module Documentation (428)
[2018.10.12-03.13.47:168][425]LogModuleManager: Shutting down and abandoning module MovieSceneTracks (426)
[2018.10.12-03.13.47:168][425]LogModuleManager: Shutting down and abandoning module MovieScene (424)
[2018.10.12-03.13.47:196][425]LogModuleManager: Shutting down and abandoning module StreamingPauseRendering (422)
[2018.10.12-03.13.47:209][425]LogModuleManager: Shutting down and abandoning module LauncherPlatform (420)
[2018.10.12-03.13.47:209][425]LogModuleManager: Shutting down and abandoning module AnalyticsET (418)
[2018.10.12-03.13.47:209][425]LogModuleManager: Shutting down and abandoning module PortalServices (416)
[2018.10.12-03.13.47:209][425]LogModuleManager: Shutting down and abandoning module PortalRpc (414)
[2018.10.12-03.13.47:209][425]LogModuleManager: Shutting down and abandoning module MessagingRpc (412)
[2018.10.12-03.13.47:209][425]LogModuleManager: Shutting down and abandoning module AIModule (410)
[2018.10.12-03.13.47:230][425]LogModuleManager: Shutting down and abandoning module GameplayDebugger (409)
[2018.10.12-03.13.47:241][425]LogModuleManager: Shutting down and abandoning module AITestSuite (407)
[2018.10.12-03.13.47:266][425]LogModuleManager: Shutting down and abandoning module NavigationSystem (405)
[2018.10.12-03.13.47:266][425]LogModuleManager: Shutting down and abandoning module DesktopPlatform (402)
[2018.10.12-03.13.47:266][425]LogModuleManager: Shutting down and abandoning module ProfilerService (400)
[2018.10.12-03.13.47:411][425]LogModuleManager: Shutting down and abandoning module TaskGraph (398)
[2018.10.12-03.13.47:435][425]LogModuleManager: Shutting down and abandoning module SteamVRController (396)
[2018.10.12-03.13.47:435][425]LogModuleManager: Shutting down and abandoning module ProceduralMeshComponentEditor (394)
[2018.10.12-03.13.47:435][425]LogModuleManager: Shutting down and abandoning module ProceduralMeshComponent (392)
[2018.10.12-03.13.47:445][425]LogModuleManager: Shutting down and abandoning module OculusInput (390)
[2018.10.12-03.13.47:445][425]LogModuleManager: Shutting down and abandoning module MobilePatchingUtils (388)
[2018.10.12-03.13.47:445][425]LogModuleManager: Shutting down and abandoning module EditableMesh (386)
[2018.10.12-03.13.47:453][425]LogModuleManager: Shutting down and abandoning module CustomMeshComponent (384)
[2018.10.12-03.13.47:453][425]LogModuleManager: Shutting down and abandoning module CableComponent (382)
[2018.10.12-03.13.47:453][425]LogModuleManager: Shutting down and abandoning module AudioCapture (380)
[2018.10.12-03.13.47:453][425]LogModuleManager: Shutting down and abandoning module ArchVisCharacter (378)
[2018.10.12-03.13.47:453][425]LogModuleManager: Shutting down and abandoning module AndroidPermission (376)
[2018.10.12-03.13.47:453][425]LogModuleManager: Shutting down and abandoning module NUTUnrealEngine4 (374)
[2018.10.12-03.13.47:453][425]LogModuleManager: Shutting down and abandoning module NetcodeUnitTest (372)
[2018.10.12-03.13.47:479][425]LogModuleManager: Shutting down and abandoning module MediaCompositingEditor (370)
[2018.10.12-03.13.47:479][425]LogModuleManager: Shutting down and abandoning module MediaCompositing (368)
[2018.10.12-03.13.47:479][425]LogModuleManager: Shutting down and abandoning module LinearTimecode (366)
[2018.10.12-03.13.47:479][425]LogModuleManager: Shutting down and abandoning module ImgMedia (364)
[2018.10.12-03.13.47:500][425]LogModuleManager: Shutting down and abandoning module HTML5Networking (362)
[2018.10.12-03.13.47:500][425]LogModuleManager: Shutting down and abandoning module GeometryCacheTracks (360)
[2018.10.12-03.13.47:500][425]LogModuleManager: Shutting down and abandoning module GeometryCacheSequencer (358)
[2018.10.12-03.13.47:500][425]LogModuleManager: Shutting down and abandoning module BackChannel (356)
[2018.10.12-03.13.47:560][425]LogModuleManager: Shutting down and abandoning module AppleVision (354)
[2018.10.12-03.13.47:560][425]LogModuleManager: Shutting down and abandoning module AppleImageUtils (352)
[2018.10.12-03.13.47:560][425]LogModuleManager: Shutting down and abandoning module AlembicImporter (350)
[2018.10.12-03.13.47:560][425]LogModuleManager: Shutting down and abandoning module AlembicLibrary (349)
[2018.10.12-03.13.47:560][425]LogModuleManager: Shutting down and abandoning module GeometryCache (348)
[2018.10.12-03.13.47:561][425]LogModuleManager: Shutting down and abandoning module GeometryCacheEd (347)
[2018.10.12-03.13.47:561][425]LogModuleManager: Shutting down and abandoning module DatasmithContentEditor (342)
[2018.10.12-03.13.47:573][425]LogModuleManager: Shutting down and abandoning module DatasmithContent (340)
[2018.10.12-03.13.47:573][425]LogModuleManager: Shutting down and abandoning module SpeedTreeImporter (338)
[2018.10.12-03.13.47:573][425]LogModuleManager: Shutting down and abandoning module PluginBrowser (336)
[2018.10.12-03.13.47:799][425]LogModuleManager: Shutting down and abandoning module MobileLauncherProfileWizard (334)
[2018.10.12-03.13.47:840][425]LogModuleManager: Shutting down and abandoning module PolygonModeling (332)
[2018.10.12-03.13.47:840][425]LogModuleManager: Shutting down and abandoning module MeshEditor (330)
[2018.10.12-03.13.47:854][425]LogModuleManager: Shutting down and abandoning module CryptoKeysOpenSSL (328)
[2018.10.12-03.13.47:861][425]LogModuleManager: Shutting down and abandoning module CryptoKeys (326)
[2018.10.12-03.13.47:861][425]LogModuleManager: Shutting down and abandoning module VisualStudioSourceCodeAccess (324)
[2018.10.12-03.13.47:861][425]LogModuleManager: Shutting down and abandoning module VisualStudioCodeSourceCodeAccess (322)
[2018.10.12-03.13.47:861][425]LogModuleManager: Shutting down and abandoning module UObjectPlugin (320)
[2018.10.12-03.13.47:861][425]LogModuleManager: Shutting down and abandoning module SubversionSourceControl (318)
[2018.10.12-03.13.47:885][425]LogModuleManager: Shutting down and abandoning module PerforceSourceControl (316)
[2018.10.12-03.13.47:914][425]LogModuleManager: Shutting down and abandoning module GitSourceControl (314)
[2018.10.12-03.13.47:936][425]LogModuleManager: Shutting down and abandoning module SourceControl (313)
[2018.10.12-03.13.47:936][425]LogModuleManager: Shutting down and abandoning module CLionSourceCodeAccess (310)
[2018.10.12-03.13.47:936][425]LogModuleManager: Shutting down and abandoning module LightPropagationVolumeEditor (308)
[2018.10.12-03.13.47:936][425]LogModuleManager: Shutting down and abandoning module PaperTiledImporter (306)
[2018.10.12-03.13.47:936][425]LogModuleManager: Shutting down and abandoning module PaperSpriteSheetImporter (304)
[2018.10.12-03.13.47:936][425]LogModuleManager: Shutting down and abandoning module Paper2DEditor (302)
[2018.10.12-03.13.47:949][425]LogModuleManager: Shutting down and abandoning module MeshPaint (301)
[2018.10.12-03.13.47:955][425]LogModuleManager: Shutting down and abandoning module RuntimePhysXCooking (298)
[2018.10.12-03.13.47:955][425]LogModuleManager: Shutting down and abandoning module PhysXVehiclesEditor (296)
[2018.10.12-03.13.47:955][425]LogModuleManager: Shutting down and abandoning module PhysXVehicles (294)
[2018.10.12-03.13.47:955][425]LogModuleManager: Shutting down and abandoning module OculusEditor (292)
[2018.10.12-03.13.47:969][425]LogModuleManager: Shutting down and abandoning module LocationServicesBPLibrary (290)
[2018.10.12-03.13.47:969][425]LogModuleManager: Shutting down and abandoning module ImmediatePhysicsEditor (288)
[2018.10.12-03.13.47:969][425]LogModuleManager: Shutting down and abandoning module ImmediatePhysics (286)
[2018.10.12-03.13.47:984][425]LogModuleManager: Shutting down and abandoning module ActorSequence (284)
[2018.10.12-03.13.47:984][425]LogModuleManager: Shutting down and abandoning module UdpMessaging (282)
[2018.10.12-03.13.48:085][425]LogModuleManager: Shutting down and abandoning module TcpMessaging (280)
[2018.10.12-03.13.48:206][425]LogModuleManager: Shutting down and abandoning module MagicLeapAudio (278)
[2018.10.12-03.13.48:206][425]LogModuleManager: Shutting down and abandoning module GameplayTagsEditor (276)
[2018.10.12-03.13.48:218][425]LogModuleManager: Shutting down and abandoning module FacialAnimationEditor (274)
[2018.10.12-03.13.48:218][425]LogModuleManager: Shutting down and abandoning module FacialAnimation (272)
[2018.10.12-03.13.48:218][425]LogModuleManager: Shutting down and abandoning module DataValidation (270)
[2018.10.12-03.13.48:218][425]LogModuleManager: Shutting down and abandoning module AssetManagerEditor (268)
[2018.10.12-03.13.48:238][425]LogModuleManager: Shutting down and abandoning module LevelEditor (267)
[2018.10.12-03.13.48:266][425]LogModuleManager: Shutting down and abandoning module PixelInspectorModule (266)
[2018.10.12-03.13.48:273][425]LogModuleManager: Shutting down and abandoning module CommonMenuExtensions (264)
[2018.10.12-03.13.48:273][425]LogModuleManager: Shutting down and abandoning module MainFrame (262)
[2018.10.12-03.13.48:280][425]LogModuleManager: Shutting down and abandoning module HotReload (261)
[2018.10.12-03.13.48:290][425]LogModuleManager: Shutting down and abandoning module ContentBrowser (257)
[2018.10.12-03.13.48:292][425]LogModuleManager: Shutting down and abandoning module TreeMap (255)
[2018.10.12-03.13.48:303][425]LogModuleManager: Shutting down and abandoning module LightPropagationVolumeRuntime (252)
[2018.10.12-03.13.48:303][425]LogModuleManager: Shutting down and abandoning module AISupportModule (250)
[2018.10.12-03.13.48:303][425]LogModuleManager: Shutting down and abandoning module Paper2D (248)
[2018.10.12-03.13.48:311][425]LogModuleManager: Shutting down and abandoning module WindowsMoviePlayer (246)
[2018.10.12-03.13.48:320][425]LogModuleManager: Shutting down and abandoning module WmfMedia (244)
[2018.10.12-03.13.48:332][425]LogModuleManager: Shutting down and abandoning module Media (243)
[2018.10.12-03.13.48:338][425]LogModuleManager: Shutting down and abandoning module PacketHandler (240)
[2018.10.12-03.13.48:338][425]LogModuleManager: Shutting down and abandoning module ClothingSystemEditor (238)
[2018.10.12-03.13.48:338][425]LogModuleManager: Shutting down and abandoning module ClothingSystemRuntime (236)
[2018.10.12-03.13.48:358][425]LogModuleManager: Shutting down and abandoning module MediaAssets (234)
[2018.10.12-03.13.48:358][425]LogModuleManager: Shutting down and abandoning module Overlay (232)
[2018.10.12-03.13.48:358][425]LogModuleManager: Shutting down and abandoning module OverlayEditor (231)
[2018.10.12-03.13.48:358][425]LogModuleManager: Shutting down and abandoning module VREditor (228)
[2018.10.12-03.13.48:366][425]LogModuleManager: Shutting down and abandoning module StringTableEditor (226)
[2018.10.12-03.13.48:388][425]LogModuleManager: Shutting down and abandoning module GameplayTasksEditor (224)
[2018.10.12-03.13.48:388][425]LogModuleManager: Shutting down and abandoning module BehaviorTreeEditor (222)
[2018.10.12-03.13.48:421][425]LogModuleManager: Shutting down and abandoning module FunctionalTesting (220)
[2018.10.12-03.13.48:440][425]LogModuleManager: Shutting down and abandoning module CollisionAnalyzer (218)
[2018.10.12-03.13.48:466][425]LogModuleManager: Shutting down and abandoning module WorkspaceMenuStructure (217)
[2018.10.12-03.13.48:466][425]LogModuleManager: Shutting down and abandoning module UMG (214)
[2018.10.12-03.13.48:483][425]LogModuleManager: Shutting down and abandoning module UMGEditor (213)
[2018.10.12-03.13.48:535][425]LogModuleManager: Shutting down and abandoning module Sequencer (212)
[2018.10.12-03.13.48:587][425]LogModuleManager: Shutting down and abandoning module MessageLog (209)
[2018.10.12-03.13.48:587][425]LogModuleManager: Shutting down and abandoning module SlateReflector (204)
[2018.10.12-03.13.48:637][425]LogModuleManager: Shutting down and abandoning module Slate (202)
[2018.10.12-03.13.48:649][425]LogModuleManager: Shutting down and abandoning module EditorStyle (200)
[2018.10.12-03.13.48:651][425]LogModuleManager: Shutting down and abandoning module MRMesh (198)
[2018.10.12-03.13.48:665][425]LogModuleManager: Shutting down and abandoning module SourceCodeAccess (196)
[2018.10.12-03.13.48:665][425]LogModuleManager: Shutting down and abandoning module HeadMountedDisplay (194)
[2018.10.12-03.13.48:665][425]LogModuleManager: Shutting down and abandoning module XAudio2 (192)
[2018.10.12-03.13.48:665][425]LogModuleManager: Shutting down and abandoning module Networking (190)
[2018.10.12-03.13.48:665][425]LogModuleManager: Shutting down and abandoning module Core (188)
[2018.10.12-03.13.48:665][425]LogModuleManager: Shutting down and abandoning module LevelSequence (186)
[2018.10.12-03.13.48:665][425]LogModuleManager: Shutting down and abandoning module KismetCompiler (184)
[2018.10.12-03.13.48:665][425]LogModuleManager: Shutting down and abandoning module MeshUtilities (182)
[2018.10.12-03.13.48:705][425]LogModuleManager: Shutting down and abandoning module MeshMergeUtilities (181)
[2018.10.12-03.13.48:716][425]LogModuleManager: Shutting down and abandoning module MeshReductionInterface (180)
[2018.10.12-03.13.48:716][425]LogModuleManager: Shutting down and abandoning module SimplygonSwarm (179)
[2018.10.12-03.13.48:726][425]LogModuleManager: Shutting down and abandoning module ProxyLODMeshReduction (177)
[2018.10.12-03.13.48:744][425]LogModuleManager: Shutting down and abandoning module SimplygonMeshReduction (175)
[2018.10.12-03.13.48:744][425]LogModuleManager: Shutting down and abandoning module QuadricMeshReduction (173)
[2018.10.12-03.13.48:768][425]LogModuleManager: Shutting down and abandoning module MaterialBaking (169)
[2018.10.12-03.13.48:785][425]LogModuleManager: Shutting down and abandoning module DirectoryWatcher (165)
[2018.10.12-03.13.48:785][425]LogModuleManager: Shutting down and abandoning module DerivedDataCache (162)
[2018.10.12-03.13.48:877][425]LogDerivedDataCache: Shutdown
[2018.10.12-03.13.48:877][425]LogModuleManager: Shutting down and abandoning module XGEController (160)
[2018.10.12-03.13.48:877][425]LogXGEController: Cleaning working directory: C:/Users/Evan/AppData/Local/Temp/UnrealXGEWorkingDir/
[2018.10.12-03.13.48:898][425]LogModuleManager: Shutting down and abandoning module TargetPlatform (158)
[2018.10.12-03.13.48:898][425]LogModuleManager: Shutting down and abandoning module VulkanShaderFormat (157)
[2018.10.12-03.13.48:902][425]LogModuleManager: Shutting down and abandoning module ShaderFormatVectorVM (155)
[2018.10.12-03.13.48:910][425]LogModuleManager: Shutting down and abandoning module ShaderFormatOpenGL (153)
[2018.10.12-03.13.48:920][425]LogModuleManager: Shutting down and abandoning module ShaderFormatD3D (151)
[2018.10.12-03.13.48:920][425]LogModuleManager: Shutting down and abandoning module MetalShaderFormat (149)
[2018.10.12-03.13.48:939][425]LogModuleManager: Shutting down and abandoning module TextureFormatUncompressed (147)
[2018.10.12-03.13.48:939][425]LogModuleManager: Shutting down and abandoning module TextureFormatPVR (145)
[2018.10.12-03.13.48:939][425]LogModuleManager: Shutting down and abandoning module TextureFormatDXT (143)
[2018.10.12-03.13.48:970][425]LogModuleManager: Shutting down and abandoning module TextureFormatIntelISPCTexComp (141)
[2018.10.12-03.13.48:985][425]LogModuleManager: Shutting down and abandoning module TextureFormatASTC (139)
[2018.10.12-03.13.48:985][425]LogModuleManager: Shutting down and abandoning module ImageWrapper (138)
[2018.10.12-03.13.48:985][425]LogModuleManager: Shutting down and abandoning module TextureFormatAndroid (135)
[2018.10.12-03.13.48:985][425]LogModuleManager: Shutting down and abandoning module AudioFormatOpus (133)
[2018.10.12-03.13.48:985][425]LogModuleManager: Shutting down and abandoning module AudioFormatOgg (131)
[2018.10.12-03.13.48:985][425]LogModuleManager: Shutting down and abandoning module AudioFormatADPCM (129)
[2018.10.12-03.13.48:985][425]LogModuleManager: Shutting down and abandoning module LuminTargetPlatform (127)
[2018.10.12-03.13.48:985][425]LogModuleManager: Shutting down and abandoning module LinuxTargetPlatform (125)
[2018.10.12-03.13.48:985][425]LogModuleManager: Shutting down and abandoning module LinuxServerTargetPlatform (123)
[2018.10.12-03.13.48:985][425]LogModuleManager: Shutting down and abandoning module LinuxNoEditorTargetPlatform (121)
[2018.10.12-03.13.48:994][425]LogModuleManager: Shutting down and abandoning module LinuxClientTargetPlatform (119)
[2018.10.12-03.13.49:002][425]LogModuleManager: Shutting down and abandoning module TVOSTargetPlatform (117)
[2018.10.12-03.13.49:003][425]LogModuleManager: Shutting down and abandoning module Messaging (115)
[2018.10.12-03.13.49:003][425]LogModuleManager: Shutting down and abandoning module IOSTargetPlatform (113)
[2018.10.12-03.13.49:004][425]LogModuleManager: Shutting down and abandoning module HTML5TargetPlatform (111)
[2018.10.12-03.13.49:004][425]LogModuleManager: Shutting down and abandoning module AndroidTargetPlatform (109)
[2018.10.12-03.13.49:024][425]LogModuleManager: Shutting down and abandoning module WindowsTargetPlatform (107)
[2018.10.12-03.13.49:024][425]LogModuleManager: Shutting down and abandoning module WindowsServerTargetPlatform (105)
[2018.10.12-03.13.49:024][425]LogModuleManager: Shutting down and abandoning module WindowsNoEditorTargetPlatform (103)
[2018.10.12-03.13.49:024][425]LogModuleManager: Shutting down and abandoning module WindowsClientTargetPlatform (101)
[2018.10.12-03.13.49:024][425]LogModuleManager: Shutting down and abandoning module MacTargetPlatform (99)
[2018.10.12-03.13.49:024][425]LogModuleManager: Shutting down and abandoning module MacServerTargetPlatform (97)
[2018.10.12-03.13.49:024][425]LogModuleManager: Shutting down and abandoning module MacNoEditorTargetPlatform (95)
[2018.10.12-03.13.49:024][425]LogModuleManager: Shutting down and abandoning module MacClientTargetPlatform (93)
[2018.10.12-03.13.49:024][425]LogModuleManager: Shutting down and abandoning module AllDesktopTargetPlatform (91)
[2018.10.12-03.13.49:024][425]LogModuleManager: Shutting down and abandoning module InputCore (88)
[2018.10.12-03.13.49:024][425]LogModuleManager: Shutting down and abandoning module Settings (86)
[2018.10.12-03.13.49:024][425]LogModuleManager: Shutting down and abandoning module PhysXCooking (84)
[2018.10.12-03.13.49:024][425]LogModuleManager: Shutting down and abandoning module SteamVR (82)
[2018.10.12-03.13.49:024][425]LogModuleManager: Shutting down and abandoning module OculusHMD (80)
[2018.10.12-03.13.49:036][425]LogModuleManager: Shutting down and abandoning module ExampleDeviceProfileSelector (78)
[2018.10.12-03.13.49:036][425]LogModuleManager: Shutting down and abandoning module LauncherChunkInstaller (76)
[2018.10.12-03.13.49:036][425]LogModuleManager: Shutting down and abandoning module OnlineBlueprintSupport (74)
[2018.10.12-03.13.49:036][425]LogModuleManager: Shutting down and abandoning module OnlineSubsystem (70)
[2018.10.12-03.13.49:062][425]LogModuleManager: Shutting down and abandoning module XMPP (65)
[2018.10.12-03.13.49:076][425]LogModuleManager: Shutting down and abandoning module WebSockets (64)
[2018.10.12-03.13.49:139][425]LogModuleManager: Shutting down and abandoning module HTTP (61)
[2018.10.12-03.13.49:139][425]LogHttp: Display: Http module shutting down, but needs to wait on 1 outstanding Http requests:
[2018.10.12-03.13.49:139][425]LogHttp: Display: 	verb=[POST] url=[https://datarouter.ol.epicgames.com/datarouter/api/v1/public/data?SessionID=%7B21AA6107-43F6-FAF3-BF6D-9B9779564A72%7D&AppID=UEEditor.Rocket.Release&AppVersion=4.20.2-4302132%2B%2B%2BUE4%2BRelease-4.20&UserID=d6a894064c6f1c06c50b899247242b7e%7C4b688a7245dc4c7c90b367aaffc9d70c%7C56d9747e-489d-40c5-b6fb-8f5e62a7f4f7&AppEnvironment=datacollector-binary&UploadType=eteventstream] status=Processing
[2018.10.12-03.13.49:166][425]LogModuleManager: Shutting down and abandoning module SSL (60)
[2018.10.12-03.13.49:192][425]LogModuleManager: Shutting down and abandoning module MagicLeapEmulator (56)
[2018.10.12-03.13.49:192][425]LogModuleManager: Shutting down and abandoning module MagicLeapPrivileges (54)
[2018.10.12-03.13.49:192][425]LogModuleManager: Shutting down and abandoning module MagicLeapIdentity (52)
[2018.10.12-03.13.49:192][425]LogModuleManager: Shutting down and abandoning module MagicLeapHelperVulkan (50)
[2018.10.12-03.13.49:192][425]LogModuleManager: Shutting down and abandoning module MagicLeapHelperOpenGL (48)
[2018.10.12-03.13.49:192][425]LogModuleManager: Shutting down and abandoning module MagicLeapSecureStorage (46)
[2018.10.12-03.13.49:192][425]LogModuleManager: Shutting down and abandoning module MagicLeapGestures (44)
[2018.10.12-03.13.49:192][425]LogModuleManager: Shutting down and abandoning module MagicLeapEyeTracker (42)
[2018.10.12-03.13.49:193][425]LogModuleManager: Shutting down and abandoning module MagicLeapController (40)
[2018.10.12-03.13.49:193][425]LogSlate: Slate User Destroyed.  User Index 0, Is Virtual User: 0
[2018.10.12-03.13.49:193][425]LogModuleManager: Shutting down and abandoning module MagicLeap (38)
[2018.10.12-03.13.49:193][425]LogModuleManager: Shutting down and abandoning module AnimationModifiers (36)
[2018.10.12-03.13.49:260][425]LogModuleManager: Shutting down and abandoning module PropertyEditor (35)
[2018.10.12-03.13.49:310][425]LogModuleManager: Shutting down and abandoning module AudioEditor (32)
[2018.10.12-03.13.49:335][425]LogModuleManager: Shutting down and abandoning module TextureCompressor (30)
[2018.10.12-03.13.49:346][425]LogModuleManager: Shutting down and abandoning module ShaderCore (28)
[2018.10.12-03.13.49:346][425]LogModuleManager: Shutting down and abandoning module Landscape (26)
[2018.10.12-03.13.49:346][425]LogModuleManager: Shutting down and abandoning module SlateRHIRenderer (24)
[2018.10.12-03.13.49:367][425]LogModuleManager: Shutting down and abandoning module OpenGLDrv (22)
[2018.10.12-03.13.49:381][425]LogModuleManager: Shutting down and abandoning module D3D11RHI (20)
[2018.10.12-03.13.49:382][425]LogModuleManager: Shutting down and abandoning module AnimGraphRuntime (18)
[2018.10.12-03.13.49:399][425]LogModuleManager: Shutting down and abandoning module Renderer (16)
[2018.10.12-03.13.49:399][425]LogModuleManager: Shutting down and abandoning module Engine (14)
[2018.10.12-03.13.49:399][425]LogModuleManager: Shutting down and abandoning module CoreUObject (12)
[2018.10.12-03.13.49:400][425]LogModuleManager: Shutting down and abandoning module NetworkFile (10)
[2018.10.12-03.13.49:419][425]LogModuleManager: Shutting down and abandoning module CookedIterativeFile (8)
[2018.10.12-03.13.49:419][425]LogModuleManager: Shutting down and abandoning module StreamingFile (6)
[2018.10.12-03.13.49:439][425]LogModuleManager: Shutting down and abandoning module SandboxFile (4)
[2018.10.12-03.13.49:439][425]LogModuleManager: Shutting down and abandoning module PakFile (2)
[2018.10.12-03.13.49:469][425]LogExit: Exiting.
[2018.10.12-03.13.49:515][425]Log file closed, 10/11/18 21:13:49
